Log file open, 10/02/23 18:33:28
LogWindows: Failed to load 'aqProf.dll' (GetLastError=126)
LogWindows: File 'aqProf.dll' does not exist
LogWindows: Failed to load 'VtuneApi.dll' (GetLastError=126)
LogWindows: File 'VtuneApi.dll' does not exist
LogWindows: Failed to load 'VtuneApi32e.dll' (GetLastError=126)
LogWindows: File 'VtuneApi32e.dll' does not exist
LogConsoleResponse: Display: Failed to find resolution value strings in scalability ini. Falling back to default.
LogConsoleResponse: Display: Failed to find resolution value strings in scalability ini. Falling back to default.
LogInit: Display: Running engine for game: LastEnd
LogPlatformFile: Not using cached read wrapper
LogTaskGraph: Started task graph with 5 named threads and 71 total threads with 3 sets of task threads.
LogStats: Stats thread started at 0.328776
LogICUInternationalization: ICU TimeZone Detection - Raw Offset: -3:00, Platform Override: ''
LogInit: Display: Loading text-based GConfig....
LogPluginManager: Mounting plugin MeshPainting
LogPluginManager: Mounting plugin XGEController
LogPluginManager: Mounting plugin Paper2D
LogPluginManager: Mounting plugin AISupport
LogPluginManager: Mounting plugin EnvironmentQueryEditor
LogPluginManager: Mounting plugin LightPropagationVolume
LogPluginManager: Mounting plugin LiveLink
LogPluginManager: Mounting plugin OodleData
LogPluginManager: Mounting plugin OodleNetwork
LogPluginManager: Mounting plugin AssetManagerEditor
LogPluginManager: Mounting plugin CryptoKeys
LogPluginManager: Mounting plugin CurveEditorTools
LogPluginManager: Mounting plugin DataValidation
LogPluginManager: Mounting plugin FacialAnimation
LogPluginManager: Mounting plugin GeometryMode
LogPluginManager: Mounting plugin MaterialAnalyzer
LogPluginManager: Mounting plugin GameplayTagsEditor
LogPluginManager: Mounting plugin PluginBrowser
LogPluginManager: Mounting plugin MacGraphicsSwitching
LogPluginManager: Mounting plugin AnimationSharing
LogPluginManager: Mounting plugin SpeedTreeImporter
LogPluginManager: Mounting plugin MobileLauncherProfileWizard
LogPluginManager: Mounting plugin CLionSourceCodeAccess
LogPluginManager: Mounting plugin KDevelopSourceCodeAccess
LogPluginManager: Mounting plugin CodeLiteSourceCodeAccess
LogPluginManager: Mounting plugin GitSourceControl
LogPluginManager: Mounting plugin NullSourceCodeAccess
LogPluginManager: Mounting plugin PerforceSourceControl
LogPluginManager: Mounting plugin PixWinPlugin
LogPluginManager: Mounting plugin PlasticSourceControl
LogPluginManager: Mounting plugin TextureFormatOodle
LogPluginManager: Mounting plugin PluginUtils
LogPluginManager: Mounting plugin RiderSourceCodeAccess
LogPluginManager: Mounting plugin PropertyAccessNode
LogPluginManager: Mounting plugin AlembicImporter
LogPluginManager: Mounting plugin UObjectPlugin
LogPluginManager: Mounting plugin VisualStudioSourceCodeAccess
LogPluginManager: Mounting plugin XCodeSourceCodeAccess
LogPluginManager: Mounting plugin BackChannel
LogPluginManager: Mounting plugin AutomationUtils
LogPluginManager: Mounting plugin VisualStudioCodeSourceCodeAccess
LogPluginManager: Mounting plugin ChaosCloth
LogPluginManager: Mounting plugin ChaosClothEditor
LogPluginManager: Mounting plugin SubversionSourceControl
LogPluginManager: Mounting plugin ChaosEditor
LogPluginManager: Mounting plugin ChaosSolverPlugin
LogPluginManager: Mounting plugin ChaosNiagara
LogPluginManager: Mounting plugin GeometryCollectionPlugin
LogPluginManager: Mounting plugin GeometryCache
LogPluginManager: Mounting plugin DatasmithContent
LogPluginManager: Mounting plugin GeometryProcessing
LogPluginManager: Mounting plugin CharacterAI
LogPluginManager: Mounting plugin Niagara
LogPluginManager: Mounting plugin OpenImageDenoise
LogPluginManager: Mounting plugin PlatformCrypto
LogPluginManager: Mounting plugin PlanarCut
LogPluginManager: Mounting plugin VariantManagerContent
LogPluginManager: Mounting plugin MotoSynth
LogPluginManager: Mounting plugin ProxyLODPlugin
LogPluginManager: Mounting plugin PythonScriptPlugin
LogPluginManager: Mounting plugin SkeletalReduction
LogPluginManager: Mounting plugin AndroidMedia
LogPluginManager: Mounting plugin AvfMedia
LogPluginManager: Mounting plugin ImgMedia
LogPluginManager: Mounting plugin MediaPlayerEditor
LogPluginManager: Mounting plugin WebMMedia
LogPluginManager: Mounting plugin MagicLeap
LogPluginManager: Mounting plugin LuminPlatformFeatures
LogPluginManager: Mounting plugin MediaCompositing
LogPluginManager: Mounting plugin WmfMedia
LogPluginManager: Mounting plugin MagicLeapLightEstimation
LogPluginManager: Mounting plugin MagicLeapMedia
LogPluginManager: Mounting plugin MagicLeapPassableWorld
LogPluginManager: Mounting plugin MLSDK
LogPluginManager: Mounting plugin ActorSequence
LogPluginManager: Mounting plugin LevelSequenceEditor
LogPluginManager: Mounting plugin MatineeToLevelSequence
LogPluginManager: Mounting plugin TemplateSequence
LogPluginManager: Mounting plugin UdpMessaging
LogPluginManager: Mounting plugin TcpMessaging
LogPluginManager: Mounting plugin LauncherChunkInstaller
LogPluginManager: Mounting plugin OnlineSubsystem
LogPluginManager: Mounting plugin OnlineSubsystemNull
LogPluginManager: Mounting plugin OnlineSubsystemUtils
LogPluginManager: Mounting plugin ScreenshotTools
LogPluginManager: Mounting plugin ActorLayerUtilities
LogPluginManager: Mounting plugin AndroidMoviePlayer
LogPluginManager: Mounting plugin AppleImageUtils
LogPluginManager: Mounting plugin AppleMoviePlayer
LogPluginManager: Mounting plugin AndroidPermission
LogPluginManager: Mounting plugin ArchVisCharacter
LogPluginManager: Mounting plugin AssetTags
LogPluginManager: Mounting plugin AudioCapture
LogPluginManager: Mounting plugin AndroidDeviceProfileSelector
LogPluginManager: Mounting plugin AudioSynesthesia
LogPluginManager: Mounting plugin ChunkDownloader
LogPluginManager: Mounting plugin CableComponent
LogPluginManager: Mounting plugin CustomMeshComponent
LogPluginManager: Mounting plugin EditableMesh
LogPluginManager: Mounting plugin ExampleDeviceProfileSelector
LogPluginManager: Mounting plugin GoogleCloudMessaging
LogPluginManager: Mounting plugin GooglePAD
LogPluginManager: Mounting plugin IOSDeviceProfileSelector
LogPluginManager: Mounting plugin LinuxDeviceProfileSelector
LogPluginManager: Mounting plugin LocationServicesBPLibrary
LogPluginManager: Mounting plugin MobilePatchingUtils
LogPluginManager: Mounting plugin OpenXR
LogPluginManager: Mounting plugin OpenXREyeTracker
LogPluginManager: Mounting plugin OpenXRHandTracking
LogPluginManager: Mounting plugin PhysXVehicles
LogPluginManager: Mounting plugin Takes
LogPluginManager: Mounting plugin PostSplashScreen
LogPluginManager: Mounting plugin PropertyAccessEditor
LogPluginManager: Mounting plugin ProceduralMeshComponent
LogPluginManager: Mounting plugin RuntimePhysXCooking
LogPluginManager: Mounting plugin SoundFields
LogPluginManager: Mounting plugin SignificanceManager
LogPluginManager: Mounting plugin Synthesis
LogPluginManager: Mounting plugin WebMMoviePlayer
LogPluginManager: Mounting plugin WindowsMoviePlayer
LogPluginManager: Mounting plugin GameplayCameras
LogPluginManager: Mounting plugin CameraShakePreviewer
LogPluginManager: Mounting plugin ContentBrowserAssetDataSource
LogPluginManager: Mounting plugin ContentBrowserFileDataSource
LogPluginManager: Mounting plugin ContentBrowserClassDataSource
LogPluginManager: Mounting plugin OnlineSubsystemIOS
LogPluginManager: Mounting plugin OnlineSubsystemGooglePlay
LogPluginManager: Mounting plugin OculusVR
LogPluginManager: Mounting plugin SteamVR
PixWinPlugin: PIX capture plugin failed to initialize! Check that the process is launched from PIX.
LogInit: Using libcurl 7.55.1-DEV
LogInit:  - built for x86_64-pc-win32
LogInit:  - supports SSL with OpenSSL/1.1.1
LogInit:  - supports HTTP deflate (compression) using libz 1.2.8
LogInit:  - other features:
LogInit:      CURL_VERSION_SSL
LogInit:      CURL_VERSION_LIBZ
LogInit:      CURL_VERSION_IPV6
LogInit:      CURL_VERSION_ASYNCHDNS
LogInit:      CURL_VERSION_LARGEFILE
LogInit:      CURL_VERSION_IDN
LogInit:  CurlRequestOptions (configurable via config and command line):
LogInit:  - bVerifyPeer = true  - Libcurl will verify peer certificate
LogInit:  - bUseHttpProxy = false  - Libcurl will NOT use HTTP proxy
LogInit:  - bDontReuseConnections = false  - Libcurl will reuse connections
LogInit:  - MaxHostConnections = 16  - Libcurl will limit the number of connections to a host
LogInit:  - LocalHostAddr = Default
LogInit:  - BufferSize = 65536
LogOnline: OSS: Creating online subsystem instance for: NULL
LogInit: WinSock: version 1.1 (2.2), MaxSocks=32767, MaxUdp=65467
LogOnline: OSS: TryLoadSubsystemAndSetDefault: Loaded subsystem for module [NULL]
LogOculusPluginWrapper: OculusPlugin initialized successfully
LogHMD: Failed initializing OVRPlugin 1.59.0
LogInit: Build: ++UE4+Release-4.27-CL-18319896
LogInit: Engine Version: 4.27.2-18319896+++UE4+Release-4.27
LogInit: Compatible Engine Version: 4.27.0-17155196+++UE4+Release-4.27
LogInit: Net CL: 17155196
LogInit: OS: Windows 10 (Release 2009) (), CPU: Intel(R) Xeon(R) CPU E5-2670 v3 @ 2.30GHz, GPU: NVIDIA GeForce GT 1030
LogInit: Compiled (64-bit): Nov 30 2021 07:12:08
LogInit: Compiled with Visual C++: 19.24.28315.00
LogInit: Build Configuration: Development
LogInit: Branch Name: ++UE4+Release-4.27
LogInit: Command Line:  /Game/Maps/TestMap -game -PIEVIACONSOLE -Multiprocess "GameUserSettingsINI=C:/Users/foxib/Documents/Unreal Projects/LastEnd_Project/LastEnd/Saved/Config/Windows/PIEGameUserSettings0.ini" -MultiprocessSaveConfig -forcepassthrough -messaging -SessionName="Play in Standalone Game" -windowed -WinX=0 -WinY=33 SAVEWINPOS=1 -ResX=1270 -ResY=704
LogInit: Base Directory: C:/Epic Games/UE_4.27/Engine/Binaries/Win64/
LogInit: Allocator: TBB
LogInit: Installed Engine Build: 1
LogDevObjectVersion: Number of dev versions registered: 29
LogDevObjectVersion:   Dev-Blueprints (B0D832E4-1F89-4F0D-ACCF-7EB736FD4AA2): 10
LogDevObjectVersion:   Dev-Build (E1C64328-A22C-4D53-A36C-8E866417BD8C): 0
LogDevObjectVersion:   Dev-Core (375EC13C-06E4-48FB-B500-84F0262A717E): 4
LogDevObjectVersion:   Dev-Editor (E4B068ED-F494-42E9-A231-DA0B2E46BB41): 40
LogDevObjectVersion:   Dev-Framework (CFFC743F-43B0-4480-9391-14DF171D2073): 37
LogDevObjectVersion:   Dev-Mobile (B02B49B5-BB20-44E9-A304-32B752E40360): 3
LogDevObjectVersion:   Dev-Networking (A4E4105C-59A1-49B5-A7C5-40C4547EDFEE): 0
LogDevObjectVersion:   Dev-Online (39C831C9-5AE6-47DC-9A44-9C173E1C8E7C): 0
LogDevObjectVersion:   Dev-Physics (78F01B33-EBEA-4F98-B9B4-84EACCB95AA2): 14
LogDevObjectVersion:   Dev-Platform (6631380F-2D4D-43E0-8009-CF276956A95A): 0
LogDevObjectVersion:   Dev-Rendering (12F88B9F-8875-4AFC-A67C-D90C383ABD29): 45
LogDevObjectVersion:   Dev-Sequencer (7B5AE74C-D270-4C10-A958-57980B212A5A): 13
LogDevObjectVersion:   Dev-VR (D7296918-1DD6-4BDD-9DE2-64A83CC13884): 3
LogDevObjectVersion:   Dev-LoadTimes (C2A15278-BFE7-4AFE-6C17-90FF531DF755): 1
LogDevObjectVersion:   Private-Geometry (6EACA3D4-40EC-4CC1-B786-8BED09428FC5): 3
LogDevObjectVersion:   Dev-AnimPhys (29E575DD-E0A3-4627-9D10-D276232CDCEA): 17
LogDevObjectVersion:   Dev-Anim (AF43A65D-7FD3-4947-9873-3E8ED9C1BB05): 15
LogDevObjectVersion:   Dev-ReflectionCapture (6B266CEC-1EC7-4B8F-A30B-E4D90942FC07): 1
LogDevObjectVersion:   Dev-Automation (0DF73D61-A23F-47EA-B727-89E90C41499A): 1
LogDevObjectVersion:   FortniteMain (601D1886-AC64-4F84-AA16-D3DE0DEAC7D6): 47
LogDevObjectVersion:   FortniteRelease (E7086368-6B23-4C58-8439-1B7016265E91): 1
LogDevObjectVersion:   Dev-Enterprise (9DFFBCD6-494F-0158-E221-12823C92A888): 10
LogDevObjectVersion:   Dev-Niagara (F2AED0AC-9AFE-416F-8664-AA7FFA26D6FC): 1
LogDevObjectVersion:   Dev-Destruction (174F1F0B-B4C6-45A5-B13F-2EE8D0FB917D): 10
LogDevObjectVersion:   Dev-Physics-Ext (35F94A83-E258-406C-A318-09F59610247C): 41
LogDevObjectVersion:   Dev-PhysicsMaterial-Chaos (B68FC16E-8B1B-42E2-B453-215C058844FE): 1
LogDevObjectVersion:   Dev-CineCamera (B2E18506-4273-CFC2-A54E-F4BB758BBA07): 1
LogDevObjectVersion:   Dev-VirtualProduction (64F58936-FD1B-42BA-BA96-7289D5D0FA4E): 1
LogDevObjectVersion:   Dev-MediaFramework (6F0ED827-A609-4895-9C91-998D90180EA4): 2
LogInit: Presizing for max 25165824 objects, including 0 objects not considered by GC, pre-allocating 0 bytes for permanent pool.
LogConfig: Applying CVar settings from Section [/Script/Engine.StreamingSettings] File [C:/Users/foxib/Documents/Unreal Projects/LastEnd_Project/LastEnd/Saved/Config/Windows/Engine.ini]
LogConfig: Setting CVar [[s.MinBulkDataSizeForAsyncLoading:131072]]
LogConfig: Setting CVar [[s.AsyncLoadingThreadEnabled:0]]
LogConfig: Setting CVar [[s.EventDrivenLoaderEnabled:1]]
LogConfig: Setting CVar [[s.WarnIfTimeLimitExceeded:0]]
LogConfig: Setting CVar [[s.TimeLimitExceededMultiplier:1.5]]
LogConfig: Setting CVar [[s.TimeLimitExceededMinTime:0.005]]
LogConfig: Setting CVar [[s.UseBackgroundLevelStreaming:1]]
LogConfig: Setting CVar [[s.PriorityAsyncLoadingExtraTime:15.0]]
LogConfig: Setting CVar [[s.LevelStreamingActorsUpdateTimeLimit:5.0]]
LogConfig: Setting CVar [[s.PriorityLevelStreamingActorsUpdateExtraTime:5.0]]
LogConfig: Setting CVar [[s.LevelStreamingComponentsRegistrationGranularity:10]]
LogConfig: Setting CVar [[s.UnregisterComponentsTimeLimit:1.0]]
LogConfig: Setting CVar [[s.LevelStreamingComponentsUnregistrationGranularity:5]]
LogConfig: Setting CVar [[s.FlushStreamingOnExit:1]]
LogInit: Object subsystem initialized
LogConfig: Setting CVar [[con.DebugEarlyDefault:1]]
LogConfig: Setting CVar [[r.setres:1280x720]]
[2023.10.02-21.33.30:083][  0]LogConfig: Setting CVar [[con.DebugEarlyDefault:1]]
[2023.10.02-21.33.30:083][  0]LogConfig: Setting CVar [[r.setres:1280x720]]
[2023.10.02-21.33.30:083][  0]LogConfig: Applying CVar settings from Section [/Script/Engine.RendererSettings] File [C:/Users/foxib/Documents/Unreal Projects/LastEnd_Project/LastEnd/Saved/Config/Windows/Engine.ini]
[2023.10.02-21.33.30:083][  0]LogConfig: Setting CVar [[r.GPUCrashDebugging:0]]
[2023.10.02-21.33.30:083][  0]LogConfig: Applying CVar settings from Section [/Script/Engine.RendererOverrideSettings] File [C:/Users/foxib/Documents/Unreal Projects/LastEnd_Project/LastEnd/Saved/Config/Windows/Engine.ini]
[2023.10.02-21.33.30:083][  0]LogConfig: Applying CVar settings from Section [/Script/Engine.StreamingSettings] File [C:/Users/foxib/Documents/Unreal Projects/LastEnd_Project/LastEnd/Saved/Config/Windows/Engine.ini]
[2023.10.02-21.33.30:083][  0]LogConfig: Setting CVar [[s.MinBulkDataSizeForAsyncLoading:131072]]
[2023.10.02-21.33.30:083][  0]LogConfig: Setting CVar [[s.AsyncLoadingThreadEnabled:0]]
[2023.10.02-21.33.30:083][  0]LogConfig: Setting CVar [[s.EventDrivenLoaderEnabled:1]]
[2023.10.02-21.33.30:083][  0]LogConfig: Setting CVar [[s.WarnIfTimeLimitExceeded:0]]
[2023.10.02-21.33.30:083][  0]LogConfig: Setting CVar [[s.TimeLimitExceededMultiplier:1.5]]
[2023.10.02-21.33.30:083][  0]LogConfig: Setting CVar [[s.TimeLimitExceededMinTime:0.005]]
[2023.10.02-21.33.30:083][  0]LogConfig: Setting CVar [[s.UseBackgroundLevelStreaming:1]]
[2023.10.02-21.33.30:083][  0]LogConfig: Setting CVar [[s.PriorityAsyncLoadingExtraTime:15.0]]
[2023.10.02-21.33.30:083][  0]LogConfig: Setting CVar [[s.LevelStreamingActorsUpdateTimeLimit:5.0]]
[2023.10.02-21.33.30:083][  0]LogConfig: Setting CVar [[s.PriorityLevelStreamingActorsUpdateExtraTime:5.0]]
[2023.10.02-21.33.30:083][  0]LogConfig: Setting CVar [[s.LevelStreamingComponentsRegistrationGranularity:10]]
[2023.10.02-21.33.30:083][  0]LogConfig: Setting CVar [[s.UnregisterComponentsTimeLimit:1.0]]
[2023.10.02-21.33.30:083][  0]LogConfig: Setting CVar [[s.LevelStreamingComponentsUnregistrationGranularity:5]]
[2023.10.02-21.33.30:083][  0]LogConfig: Setting CVar [[s.FlushStreamingOnExit:1]]
[2023.10.02-21.33.30:083][  0]LogConfig: Applying CVar settings from Section [/Script/Engine.GarbageCollectionSettings] File [C:/Users/foxib/Documents/Unreal Projects/LastEnd_Project/LastEnd/Saved/Config/Windows/Engine.ini]
[2023.10.02-21.33.30:083][  0]LogConfig: Setting CVar [[gc.MaxObjectsNotConsideredByGC:1]]
[2023.10.02-21.33.30:083][  0]LogConfig: Setting CVar [[gc.SizeOfPermanentObjectPool:0]]
[2023.10.02-21.33.30:083][  0]LogConfig: Setting CVar [[gc.FlushStreamingOnGC:0]]
[2023.10.02-21.33.30:083][  0]LogConfig: Setting CVar [[gc.NumRetriesBeforeForcingGC:10]]
[2023.10.02-21.33.30:083][  0]LogConfig: Setting CVar [[gc.AllowParallelGC:1]]
[2023.10.02-21.33.30:083][  0]LogConfig: Setting CVar [[gc.TimeBetweenPurgingPendingKillObjects:61.1]]
[2023.10.02-21.33.30:084][  0]LogConfig: Setting CVar [[gc.MaxObjectsInEditor:25165824]]
[2023.10.02-21.33.30:084][  0]LogConfig: Setting CVar [[gc.IncrementalBeginDestroyEnabled:1]]
[2023.10.02-21.33.30:084][  0]LogConfig: Setting CVar [[gc.CreateGCClusters:1]]
[2023.10.02-21.33.30:084][  0]LogConfig: Setting CVar [[gc.MinGCClusterSize:5]]
[2023.10.02-21.33.30:084][  0]LogConfig: Setting CVar [[gc.ActorClusteringEnabled:0]]
[2023.10.02-21.33.30:084][  0]LogConfig: Setting CVar [[gc.BlueprintClusteringEnabled:0]]
[2023.10.02-21.33.30:084][  0]LogConfig: Setting CVar [[gc.UseDisregardForGCOnDedicatedServers:0]]
[2023.10.02-21.33.30:084][  0]LogConfig: Setting CVar [[gc.MultithreadedDestructionEnabled:1]]
[2023.10.02-21.33.30:084][  0]LogConfig: Applying CVar settings from Section [/Script/Engine.NetworkSettings] File [C:/Users/foxib/Documents/Unreal Projects/LastEnd_Project/LastEnd/Saved/Config/Windows/Engine.ini]
[2023.10.02-21.33.30:084][  0]LogConfig: Applying CVar settings from Section [/Script/UnrealEd.CookerSettings] File [C:/Users/foxib/Documents/Unreal Projects/LastEnd_Project/LastEnd/Saved/Config/Windows/Engine.ini]
[2023.10.02-21.33.30:099][  0]LogConfig: Applying CVar settings from Section [ViewDistanceQuality@3] File [C:/Users/foxib/Documents/Unreal Projects/LastEnd_Project/LastEnd/Saved/Config/Windows/Scalability.ini]
[2023.10.02-21.33.30:099][  0]LogConfig: Setting CVar [[r.SkeletalMeshLODBias:0]]
[2023.10.02-21.33.30:099][  0]LogConfig: Setting CVar [[r.ViewDistanceScale:1.0]]
[2023.10.02-21.33.30:099][  0]LogConfig: Applying CVar settings from Section [AntiAliasingQuality@3] File [C:/Users/foxib/Documents/Unreal Projects/LastEnd_Project/LastEnd/Saved/Config/Windows/Scalability.ini]
[2023.10.02-21.33.30:099][  0]LogConfig: Setting CVar [[r.PostProcessAAQuality:4]]
[2023.10.02-21.33.30:099][  0]LogConfig: Applying CVar settings from Section [ShadowQuality@3] File [C:/Users/foxib/Documents/Unreal Projects/LastEnd_Project/LastEnd/Saved/Config/Windows/Scalability.ini]
[2023.10.02-21.33.30:099][  0]LogConfig: Setting CVar [[r.LightFunctionQuality:1]]
[2023.10.02-21.33.30:099][  0]LogConfig: Setting CVar [[r.ShadowQuality:5]]
[2023.10.02-21.33.30:099][  0]LogConfig: Setting CVar [[r.Shadow.CSM.MaxCascades:10]]
[2023.10.02-21.33.30:099][  0]LogConfig: Setting CVar [[r.Shadow.MaxResolution:2048]]
[2023.10.02-21.33.30:099][  0]LogConfig: Setting CVar [[r.Shadow.MaxCSMResolution:2048]]
[2023.10.02-21.33.30:099][  0]LogConfig: Setting CVar [[r.Shadow.RadiusThreshold:0.01]]
[2023.10.02-21.33.30:099][  0]LogConfig: Setting CVar [[r.Shadow.DistanceScale:1.0]]
[2023.10.02-21.33.30:099][  0]LogConfig: Setting CVar [[r.Shadow.CSM.TransitionScale:1.0]]
[2023.10.02-21.33.30:099][  0]LogConfig: Setting CVar [[r.Shadow.PreShadowResolutionFactor:1.0]]
[2023.10.02-21.33.30:099][  0]LogConfig: Setting CVar [[r.DistanceFieldShadowing:1]]
[2023.10.02-21.33.30:099][  0]LogConfig: Setting CVar [[r.DistanceFieldAO:1]]
[2023.10.02-21.33.30:099][  0]LogConfig: Setting CVar [[r.AOQuality:2]]
[2023.10.02-21.33.30:099][  0]LogConfig: Setting CVar [[r.VolumetricFog:1]]
[2023.10.02-21.33.30:099][  0]LogConfig: Setting CVar [[r.VolumetricFog.GridPixelSize:8]]
[2023.10.02-21.33.30:099][  0]LogConfig: Setting CVar [[r.VolumetricFog.GridSizeZ:128]]
[2023.10.02-21.33.30:099][  0]LogConfig: Setting CVar [[r.VolumetricFog.HistoryMissSupersampleCount:4]]
[2023.10.02-21.33.30:099][  0]LogConfig: Setting CVar [[r.LightMaxDrawDistanceScale:1]]
[2023.10.02-21.33.30:099][  0]LogConfig: Setting CVar [[r.CapsuleShadows:1]]
[2023.10.02-21.33.30:099][  0]LogConfig: Applying CVar settings from Section [PostProcessQuality@3] File [C:/Users/foxib/Documents/Unreal Projects/LastEnd_Project/LastEnd/Saved/Config/Windows/Scalability.ini]
[2023.10.02-21.33.30:099][  0]LogConfig: Setting CVar [[r.MotionBlurQuality:4]]
[2023.10.02-21.33.30:099][  0]LogConfig: Setting CVar [[r.AmbientOcclusionMipLevelFactor:0.4]]
[2023.10.02-21.33.30:099][  0]LogConfig: Setting CVar [[r.AmbientOcclusionMaxQuality:100]]
[2023.10.02-21.33.30:099][  0]LogConfig: Setting CVar [[r.AmbientOcclusionLevels:-1]]
[2023.10.02-21.33.30:099][  0]LogConfig: Setting CVar [[r.AmbientOcclusionRadiusScale:1.0]]
[2023.10.02-21.33.30:099][  0]LogConfig: Setting CVar [[r.DepthOfFieldQuality:2]]
[2023.10.02-21.33.30:099][  0]LogConfig: Setting CVar [[r.RenderTargetPoolMin:400]]
[2023.10.02-21.33.30:099][  0]LogConfig: Setting CVar [[r.LensFlareQuality:2]]
[2023.10.02-21.33.30:099][  0]LogConfig: Setting CVar [[r.SceneColorFringeQuality:1]]
[2023.10.02-21.33.30:099][  0]LogConfig: Setting CVar [[r.EyeAdaptationQuality:2]]
[2023.10.02-21.33.30:100][  0]LogConfig: Setting CVar [[r.BloomQuality:5]]
[2023.10.02-21.33.30:100][  0]LogConfig: Setting CVar [[r.FastBlurThreshold:100]]
[2023.10.02-21.33.30:100][  0]LogConfig: Setting CVar [[r.Upscale.Quality:3]]
[2023.10.02-21.33.30:100][  0]LogConfig: Setting CVar [[r.Tonemapper.GrainQuantization:1]]
[2023.10.02-21.33.30:100][  0]LogConfig: Setting CVar [[r.LightShaftQuality:1]]
[2023.10.02-21.33.30:100][  0]LogConfig: Setting CVar [[r.Filter.SizeScale:1]]
[2023.10.02-21.33.30:100][  0]LogConfig: Setting CVar [[r.Tonemapper.Quality:5]]
[2023.10.02-21.33.30:100][  0]LogConfig: Setting CVar [[r.DOF.Gather.AccumulatorQuality:1        ; higher gathering accumulator quality]]
[2023.10.02-21.33.30:100][  0]LogConfig: Setting CVar [[r.DOF.Gather.PostfilterMethod:1          ; Median3x3 postfilering method]]
[2023.10.02-21.33.30:100][  0]LogConfig: Setting CVar [[r.DOF.Gather.EnableBokehSettings:0       ; no bokeh simulation when gathering]]
[2023.10.02-21.33.30:100][  0]LogConfig: Setting CVar [[r.DOF.Gather.RingCount:4                 ; medium number of samples when gathering]]
[2023.10.02-21.33.30:100][  0]LogConfig: Setting CVar [[r.DOF.Scatter.ForegroundCompositing:1    ; additive foreground scattering]]
[2023.10.02-21.33.30:100][  0]LogConfig: Setting CVar [[r.DOF.Scatter.BackgroundCompositing:2    ; additive background scattering]]
[2023.10.02-21.33.30:100][  0]LogConfig: Setting CVar [[r.DOF.Scatter.EnableBokehSettings:1      ; bokeh simulation when scattering]]
[2023.10.02-21.33.30:100][  0]LogConfig: Setting CVar [[r.DOF.Scatter.MaxSpriteRatio:0.1         ; only a maximum of 10% of scattered bokeh]]
[2023.10.02-21.33.30:100][  0]LogConfig: Setting CVar [[r.DOF.Recombine.Quality:1                ; cheap slight out of focus]]
[2023.10.02-21.33.30:100][  0]LogConfig: Setting CVar [[r.DOF.Recombine.EnableBokehSettings:0    ; no bokeh simulation on slight out of focus]]
[2023.10.02-21.33.30:100][  0]LogConfig: Setting CVar [[r.DOF.TemporalAAQuality:1                ; more stable temporal accumulation]]
[2023.10.02-21.33.30:100][  0]LogConfig: Setting CVar [[r.DOF.Kernel.MaxForegroundRadius:0.025]]
[2023.10.02-21.33.30:100][  0]LogConfig: Setting CVar [[r.DOF.Kernel.MaxBackgroundRadius:0.025]]
[2023.10.02-21.33.30:100][  0]LogConfig: Applying CVar settings from Section [TextureQuality@3] File [C:/Users/foxib/Documents/Unreal Projects/LastEnd_Project/LastEnd/Saved/Config/Windows/Scalability.ini]
[2023.10.02-21.33.30:100][  0]LogConfig: Setting CVar [[r.Streaming.MipBias:0]]
[2023.10.02-21.33.30:100][  0]LogConfig: Setting CVar [[r.Streaming.AmortizeCPUToGPUCopy:0]]
[2023.10.02-21.33.30:100][  0]LogConfig: Setting CVar [[r.Streaming.MaxNumTexturesToStreamPerFrame:0]]
[2023.10.02-21.33.30:100][  0]LogConfig: Setting CVar [[r.Streaming.Boost:1]]
[2023.10.02-21.33.30:100][  0]LogConfig: Setting CVar [[r.MaxAnisotropy:8]]
[2023.10.02-21.33.30:100][  0]LogConfig: Setting CVar [[r.VT.MaxAnisotropy:8]]
[2023.10.02-21.33.30:100][  0]LogConfig: Setting CVar [[r.Streaming.LimitPoolSizeToVRAM:0]]
[2023.10.02-21.33.30:100][  0]LogConfig: Setting CVar [[r.Streaming.PoolSize:1000]]
[2023.10.02-21.33.30:100][  0]LogConfig: Setting CVar [[r.Streaming.MaxEffectiveScreenSize:0]]
[2023.10.02-21.33.30:100][  0]LogConfig: Applying CVar settings from Section [EffectsQuality@3] File [C:/Users/foxib/Documents/Unreal Projects/LastEnd_Project/LastEnd/Saved/Config/Windows/Scalability.ini]
[2023.10.02-21.33.30:100][  0]LogConfig: Setting CVar [[r.TranslucencyLightingVolumeDim:64]]
[2023.10.02-21.33.30:100][  0]LogConfig: Setting CVar [[r.RefractionQuality:2]]
[2023.10.02-21.33.30:100][  0]LogConfig: Setting CVar [[r.SSR.Quality:3]]
[2023.10.02-21.33.30:100][  0]LogConfig: Setting CVar [[r.SSR.HalfResSceneColor:0]]
[2023.10.02-21.33.30:100][  0]LogConfig: Setting CVar [[r.SceneColorFormat:4]]
[2023.10.02-21.33.30:100][  0]LogConfig: Setting CVar [[r.DetailMode:2]]
[2023.10.02-21.33.30:100][  0]LogConfig: Setting CVar [[r.TranslucencyVolumeBlur:1]]
[2023.10.02-21.33.30:100][  0]LogConfig: Setting CVar [[r.MaterialQualityLevel:1 ; High quality]]
[2023.10.02-21.33.30:100][  0]LogConfig: Setting CVar [[r.AnisotropicMaterials:1]]
[2023.10.02-21.33.30:100][  0]LogConfig: Setting CVar [[r.SSS.Scale:1]]
[2023.10.02-21.33.30:100][  0]LogConfig: Setting CVar [[r.SSS.SampleSet:2]]
[2023.10.02-21.33.30:100][  0]LogConfig: Setting CVar [[r.SSS.Quality:1]]
[2023.10.02-21.33.30:100][  0]LogConfig: Setting CVar [[r.SSS.HalfRes:0]]
[2023.10.02-21.33.30:100][  0]LogConfig: Setting CVar [[r.SSGI.Quality:3]]
[2023.10.02-21.33.30:100][  0]LogConfig: Setting CVar [[r.EmitterSpawnRateScale:1.0]]
[2023.10.02-21.33.30:100][  0]LogConfig: Setting CVar [[r.ParticleLightQuality:2]]
[2023.10.02-21.33.30:100][  0]LogConfig: Setting CVar [[r.SkyAtmosphere.AerialPerspectiveLUT.FastApplyOnOpaque:1 ; Always have FastSkyLUT 1 in this case to avoid wrong sky]]
[2023.10.02-21.33.30:100][  0]LogConfig: Setting CVar [[r.SkyAtmosphere.AerialPerspectiveLUT.SampleCountMaxPerSlice:4]]
[2023.10.02-21.33.30:100][  0]LogConfig: Setting CVar [[r.SkyAtmosphere.AerialPerspectiveLUT.DepthResolution:16.0]]
[2023.10.02-21.33.30:100][  0]LogConfig: Setting CVar [[r.SkyAtmosphere.FastSkyLUT:1]]
[2023.10.02-21.33.30:100][  0]LogConfig: Setting CVar [[r.SkyAtmosphere.FastSkyLUT.SampleCountMin:4.0]]
[2023.10.02-21.33.30:100][  0]LogConfig: Setting CVar [[r.SkyAtmosphere.FastSkyLUT.SampleCountMax:128.0]]
[2023.10.02-21.33.30:100][  0]LogConfig: Setting CVar [[r.SkyAtmosphere.SampleCountMin:4.0]]
[2023.10.02-21.33.30:100][  0]LogConfig: Setting CVar [[r.SkyAtmosphere.SampleCountMax:128.0]]
[2023.10.02-21.33.30:100][  0]LogConfig: Setting CVar [[r.SkyAtmosphere.TransmittanceLUT.UseSmallFormat:0]]
[2023.10.02-21.33.30:101][  0]LogConfig: Setting CVar [[r.SkyAtmosphere.TransmittanceLUT.SampleCount:10.0]]
[2023.10.02-21.33.30:101][  0]LogConfig: Setting CVar [[r.SkyAtmosphere.MultiScatteringLUT.SampleCount:15.0]]
[2023.10.02-21.33.30:101][  0]LogConfig: Setting CVar [[r.SkyLight.RealTimeReflectionCapture:1]]
[2023.10.02-21.33.30:101][  0]LogConfig: Applying CVar settings from Section [FoliageQuality@3] File [C:/Users/foxib/Documents/Unreal Projects/LastEnd_Project/LastEnd/Saved/Config/Windows/Scalability.ini]
[2023.10.02-21.33.30:101][  0]LogConfig: Setting CVar [[foliage.DensityScale:1.0]]
[2023.10.02-21.33.30:101][  0]LogConfig: Setting CVar [[grass.DensityScale:1.0]]
[2023.10.02-21.33.30:101][  0]LogConfig: Applying CVar settings from Section [ShadingQuality@3] File [C:/Users/foxib/Documents/Unreal Projects/LastEnd_Project/LastEnd/Saved/Config/Windows/Scalability.ini]
[2023.10.02-21.33.30:101][  0]LogConfig: Setting CVar [[r.HairStrands.SkyLighting.IntegrationType:2]]
[2023.10.02-21.33.30:101][  0]LogConfig: Setting CVar [[r.HairStrands.SkyAO.SampleCount:4]]
[2023.10.02-21.33.30:101][  0]LogConfig: Setting CVar [[r.HairStrands.Visibility.MSAA.SamplePerPixel:4]]
[2023.10.02-21.33.30:101][  0]LogInit: Selected Device Profile: [Windows]
[2023.10.02-21.33.30:101][  0]LogInit: Applying CVar settings loaded from the selected device profile: [Windows]
[2023.10.02-21.33.30:101][  0]LogHAL: Display: Platform has ~ 16 GB [17013006336 / 17179869184 / 16], which maps to Larger [LargestMinGB=32, LargerMinGB=12, DefaultMinGB=8, SmallerMinGB=6, SmallestMinGB=0)
[2023.10.02-21.33.30:101][  0]LogInit: Going up to parent DeviceProfile []
[2023.10.02-21.33.30:101][  0]LogConfig: Applying CVar settings from Section [ViewDistanceQuality@Cine] File [C:/Users/foxib/Documents/Unreal Projects/LastEnd_Project/LastEnd/Saved/Config/Windows/Scalability.ini]
[2023.10.02-21.33.30:101][  0]LogConfig: Setting CVar [[r.SkeletalMeshLODBias:0]]
[2023.10.02-21.33.30:101][  0]LogConfig: Setting CVar [[r.ViewDistanceScale:10.0]]
[2023.10.02-21.33.30:101][  0]LogConfig: Applying CVar settings from Section [AntiAliasingQuality@2] File [C:/Users/foxib/Documents/Unreal Projects/LastEnd_Project/LastEnd/Saved/Config/Windows/Scalability.ini]
[2023.10.02-21.33.30:101][  0]LogConfig: Setting CVar [[r.PostProcessAAQuality:3]]
[2023.10.02-21.33.30:101][  0]LogConfig: Applying CVar settings from Section [ShadowQuality@2] File [C:/Users/foxib/Documents/Unreal Projects/LastEnd_Project/LastEnd/Saved/Config/Windows/Scalability.ini]
[2023.10.02-21.33.30:101][  0]LogConfig: Setting CVar [[r.LightFunctionQuality:1]]
[2023.10.02-21.33.30:101][  0]LogConfig: Setting CVar [[r.ShadowQuality:5]]
[2023.10.02-21.33.30:101][  0]LogConfig: Setting CVar [[r.Shadow.CSM.MaxCascades:4]]
[2023.10.02-21.33.30:101][  0]LogConfig: Setting CVar [[r.Shadow.MaxResolution:1024]]
[2023.10.02-21.33.30:101][  0]LogConfig: Setting CVar [[r.Shadow.MaxCSMResolution:2048]]
[2023.10.02-21.33.30:101][  0]LogConfig: Setting CVar [[r.Shadow.RadiusThreshold:0.04]]
[2023.10.02-21.33.30:101][  0]LogConfig: Setting CVar [[r.Shadow.DistanceScale:0.85]]
[2023.10.02-21.33.30:101][  0]LogConfig: Setting CVar [[r.Shadow.CSM.TransitionScale:0.8]]
[2023.10.02-21.33.30:101][  0]LogConfig: Setting CVar [[r.Shadow.PreShadowResolutionFactor:0.5]]
[2023.10.02-21.33.30:101][  0]LogConfig: Setting CVar [[r.DistanceFieldShadowing:1]]
[2023.10.02-21.33.30:101][  0]LogConfig: Setting CVar [[r.DistanceFieldAO:1]]
[2023.10.02-21.33.30:101][  0]LogConfig: Setting CVar [[r.AOQuality:1]]
[2023.10.02-21.33.30:101][  0]LogConfig: Setting CVar [[r.VolumetricFog:1]]
[2023.10.02-21.33.30:101][  0]LogConfig: Setting CVar [[r.VolumetricFog.GridPixelSize:16]]
[2023.10.02-21.33.30:101][  0]LogConfig: Setting CVar [[r.VolumetricFog.GridSizeZ:64]]
[2023.10.02-21.33.30:101][  0]LogConfig: Setting CVar [[r.VolumetricFog.HistoryMissSupersampleCount:4]]
[2023.10.02-21.33.30:101][  0]LogConfig: Setting CVar [[r.LightMaxDrawDistanceScale:1]]
[2023.10.02-21.33.30:101][  0]LogConfig: Setting CVar [[r.CapsuleShadows:1]]
[2023.10.02-21.33.30:101][  0]LogConfig: Applying CVar settings from Section [PostProcessQuality@2] File [C:/Users/foxib/Documents/Unreal Projects/LastEnd_Project/LastEnd/Saved/Config/Windows/Scalability.ini]
[2023.10.02-21.33.30:101][  0]LogConfig: Setting CVar [[r.MotionBlurQuality:3]]
[2023.10.02-21.33.30:101][  0]LogConfig: Setting CVar [[r.AmbientOcclusionMipLevelFactor:0.6]]
[2023.10.02-21.33.30:101][  0]LogConfig: Setting CVar [[r.AmbientOcclusionMaxQuality:100]]
[2023.10.02-21.33.30:101][  0]LogConfig: Setting CVar [[r.AmbientOcclusionLevels:-1]]
[2023.10.02-21.33.30:101][  0]LogConfig: Setting CVar [[r.AmbientOcclusionRadiusScale:1.5]]
[2023.10.02-21.33.30:101][  0]LogConfig: Setting CVar [[r.DepthOfFieldQuality:2]]
[2023.10.02-21.33.30:101][  0]LogConfig: Setting CVar [[r.RenderTargetPoolMin:400]]
[2023.10.02-21.33.30:101][  0]LogConfig: Setting CVar [[r.LensFlareQuality:2]]
[2023.10.02-21.33.30:101][  0]LogConfig: Setting CVar [[r.SceneColorFringeQuality:1]]
[2023.10.02-21.33.30:101][  0]LogConfig: Setting CVar [[r.EyeAdaptationQuality:2]]
[2023.10.02-21.33.30:102][  0]LogConfig: Setting CVar [[r.BloomQuality:5]]
[2023.10.02-21.33.30:102][  0]LogConfig: Setting CVar [[r.FastBlurThreshold:3]]
[2023.10.02-21.33.30:102][  0]LogConfig: Setting CVar [[r.Upscale.Quality:2]]
[2023.10.02-21.33.30:102][  0]LogConfig: Setting CVar [[r.Tonemapper.GrainQuantization:1]]
[2023.10.02-21.33.30:102][  0]LogConfig: Setting CVar [[r.LightShaftQuality:1]]
[2023.10.02-21.33.30:102][  0]LogConfig: Setting CVar [[r.Filter.SizeScale:0.8]]
[2023.10.02-21.33.30:102][  0]LogConfig: Setting CVar [[r.Tonemapper.Quality:5]]
[2023.10.02-21.33.30:102][  0]LogConfig: Setting CVar [[r.DOF.Gather.AccumulatorQuality:0        ; lower gathering accumulator quality]]
[2023.10.02-21.33.30:102][  0]LogConfig: Setting CVar [[r.DOF.Gather.PostfilterMethod:2          ; Max3x3 postfilering method]]
[2023.10.02-21.33.30:102][  0]LogConfig: Setting CVar [[r.DOF.Gather.EnableBokehSettings:0       ; no bokeh simulation when gathering]]
[2023.10.02-21.33.30:102][  0]LogConfig: Setting CVar [[r.DOF.Gather.RingCount:4                 ; medium number of samples when gathering]]
[2023.10.02-21.33.30:102][  0]LogConfig: Setting CVar [[r.DOF.Scatter.ForegroundCompositing:1    ; additive foreground scattering]]
[2023.10.02-21.33.30:102][  0]LogConfig: Setting CVar [[r.DOF.Scatter.BackgroundCompositing:1    ; no background occlusion]]
[2023.10.02-21.33.30:102][  0]LogConfig: Setting CVar [[r.DOF.Scatter.EnableBokehSettings:0      ; no bokeh simulation when scattering]]
[2023.10.02-21.33.30:102][  0]LogConfig: Setting CVar [[r.DOF.Scatter.MaxSpriteRatio:0.04        ; only a maximum of 4% of scattered bokeh]]
[2023.10.02-21.33.30:102][  0]LogConfig: Setting CVar [[r.DOF.Recombine.Quality:0                ; no slight out of focus]]
[2023.10.02-21.33.30:102][  0]LogConfig: Setting CVar [[r.DOF.TemporalAAQuality:0                ; faster temporal accumulation]]
[2023.10.02-21.33.30:102][  0]LogConfig: Setting CVar [[r.DOF.Kernel.MaxForegroundRadius:0.012   ; required because of AccumulatorQuality=0]]
[2023.10.02-21.33.30:102][  0]LogConfig: Setting CVar [[r.DOF.Kernel.MaxBackgroundRadius:0.012   ; required because of AccumulatorQuality=0]]
[2023.10.02-21.33.30:102][  0]LogConfig: Applying CVar settings from Section [TextureQuality@2] File [C:/Users/foxib/Documents/Unreal Projects/LastEnd_Project/LastEnd/Saved/Config/Windows/Scalability.ini]
[2023.10.02-21.33.30:102][  0]LogConfig: Setting CVar [[r.Streaming.MipBias:0]]
[2023.10.02-21.33.30:102][  0]LogConfig: Setting CVar [[r.Streaming.AmortizeCPUToGPUCopy:0]]
[2023.10.02-21.33.30:102][  0]LogConfig: Setting CVar [[r.Streaming.MaxNumTexturesToStreamPerFrame:0]]
[2023.10.02-21.33.30:102][  0]LogConfig: Setting CVar [[r.Streaming.Boost:1]]
[2023.10.02-21.33.30:102][  0]LogConfig: Setting CVar [[r.MaxAnisotropy:4]]
[2023.10.02-21.33.30:102][  0]LogConfig: Setting CVar [[r.VT.MaxAnisotropy:8]]
[2023.10.02-21.33.30:102][  0]LogConfig: Setting CVar [[r.Streaming.LimitPoolSizeToVRAM:1]]
[2023.10.02-21.33.30:102][  0]LogConfig: Setting CVar [[r.Streaming.PoolSize:800]]
[2023.10.02-21.33.30:102][  0]LogConfig: Setting CVar [[r.Streaming.MaxEffectiveScreenSize:0]]
[2023.10.02-21.33.30:102][  0]LogConfig: Applying CVar settings from Section [EffectsQuality@2] File [C:/Users/foxib/Documents/Unreal Projects/LastEnd_Project/LastEnd/Saved/Config/Windows/Scalability.ini]
[2023.10.02-21.33.30:102][  0]LogConfig: Setting CVar [[r.TranslucencyLightingVolumeDim:48]]
[2023.10.02-21.33.30:102][  0]LogConfig: Setting CVar [[r.RefractionQuality:2]]
[2023.10.02-21.33.30:102][  0]LogConfig: Setting CVar [[r.SSR.Quality:2]]
[2023.10.02-21.33.30:102][  0]LogConfig: Setting CVar [[r.SSR.HalfResSceneColor:1]]
[2023.10.02-21.33.30:102][  0]LogConfig: Setting CVar [[r.SceneColorFormat:3]]
[2023.10.02-21.33.30:102][  0]LogConfig: Setting CVar [[r.DetailMode:1]]
[2023.10.02-21.33.30:102][  0]LogConfig: Setting CVar [[r.TranslucencyVolumeBlur:1]]
[2023.10.02-21.33.30:102][  0]LogConfig: Setting CVar [[r.MaterialQualityLevel:1 ; High quality]]
[2023.10.02-21.33.30:102][  0]LogConfig: Setting CVar [[r.AnisotropicMaterials:1]]
[2023.10.02-21.33.30:102][  0]LogConfig: Setting CVar [[r.SSS.Scale:1]]
[2023.10.02-21.33.30:102][  0]LogConfig: Setting CVar [[r.SSS.SampleSet:1]]
[2023.10.02-21.33.30:102][  0]LogConfig: Setting CVar [[r.SSS.Quality:-1]]
[2023.10.02-21.33.30:102][  0]LogConfig: Setting CVar [[r.SSS.HalfRes:1]]
[2023.10.02-21.33.30:102][  0]LogConfig: Setting CVar [[r.SSGI.Quality:2]]
[2023.10.02-21.33.30:102][  0]LogConfig: Setting CVar [[r.EmitterSpawnRateScale:0.5]]
[2023.10.02-21.33.30:102][  0]LogConfig: Setting CVar [[r.ParticleLightQuality:1]]
[2023.10.02-21.33.30:102][  0]LogConfig: Setting CVar [[r.SkyAtmosphere.AerialPerspectiveLUT.FastApplyOnOpaque:1 ; Always have FastSkyLUT 1 in this case to avoid wrong sky]]
[2023.10.02-21.33.30:102][  0]LogConfig: Setting CVar [[r.SkyAtmosphere.AerialPerspectiveLUT.SampleCountMaxPerSlice:2]]
[2023.10.02-21.33.30:102][  0]LogConfig: Setting CVar [[r.SkyAtmosphere.AerialPerspectiveLUT.DepthResolution:16.0]]
[2023.10.02-21.33.30:102][  0]LogConfig: Setting CVar [[r.SkyAtmosphere.FastSkyLUT:1]]
[2023.10.02-21.33.30:102][  0]LogConfig: Setting CVar [[r.SkyAtmosphere.FastSkyLUT.SampleCountMin:4.0]]
[2023.10.02-21.33.30:102][  0]LogConfig: Setting CVar [[r.SkyAtmosphere.FastSkyLUT.SampleCountMax:64.0]]
[2023.10.02-21.33.30:102][  0]LogConfig: Setting CVar [[r.SkyAtmosphere.SampleCountMin:4.0]]
[2023.10.02-21.33.30:102][  0]LogConfig: Setting CVar [[r.SkyAtmosphere.SampleCountMax:64.0]]
[2023.10.02-21.33.30:102][  0]LogConfig: Setting CVar [[r.SkyAtmosphere.TransmittanceLUT.UseSmallFormat:0]]
[2023.10.02-21.33.30:102][  0]LogConfig: Setting CVar [[r.SkyAtmosphere.TransmittanceLUT.SampleCount:10.0]]
[2023.10.02-21.33.30:102][  0]LogConfig: Setting CVar [[r.SkyAtmosphere.MultiScatteringLUT.SampleCount:15.0]]
[2023.10.02-21.33.30:102][  0]LogConfig: Setting CVar [[r.SkyLight.RealTimeReflectionCapture:1]]
[2023.10.02-21.33.30:102][  0]LogConfig: Applying CVar settings from Section [FoliageQuality@2] File [C:/Users/foxib/Documents/Unreal Projects/LastEnd_Project/LastEnd/Saved/Config/Windows/Scalability.ini]
[2023.10.02-21.33.30:102][  0]LogConfig: Setting CVar [[foliage.DensityScale:0.8]]
[2023.10.02-21.33.30:103][  0]LogConfig: Setting CVar [[grass.DensityScale:0.8]]
[2023.10.02-21.33.30:103][  0]LogConfig: Applying CVar settings from Section [ShadingQuality@Cine] File [C:/Users/foxib/Documents/Unreal Projects/LastEnd_Project/LastEnd/Saved/Config/Windows/Scalability.ini]
[2023.10.02-21.33.30:103][  0]LogConfig: Setting CVar [[r.HairStrands.SkyLighting.IntegrationType:0]]
[2023.10.02-21.33.30:103][  0]LogConfig: Setting CVar [[r.HairStrands.SkyAO.SampleCount:8]]
[2023.10.02-21.33.30:103][  0]LogConfig: Setting CVar [[r.HairStrands.Visibility.MSAA.SamplePerPixel:8]]
[2023.10.02-21.33.30:103][  0]LogConfig: Applying CVar settings from Section [Startup] File [../../../Engine/Config/ConsoleVariables.ini]
[2023.10.02-21.33.30:103][  0]LogConfig: Setting CVar [[net.UseAdaptiveNetUpdateFrequency:0]]
[2023.10.02-21.33.30:103][  0]LogConfig: Setting CVar [[p.chaos.AllowCreatePhysxBodies:1]]
[2023.10.02-21.33.30:103][  0]LogConfig: Setting CVar [[fx.SkipVectorVMBackendOptimizations:1]]
[2023.10.02-21.33.30:103][  0]LogConfig: Applying CVar settings from Section [ConsoleVariables] File [C:/Users/foxib/Documents/Unreal Projects/LastEnd_Project/LastEnd/Saved/Config/Windows/Engine.ini]
[2023.10.02-21.33.30:103][  0]LogConfig: Applying CVar settings from Section [ConsoleVariables] File [C:/Users/foxib/Documents/Unreal Projects/LastEnd_Project/LastEnd/Saved/Config/Windows/Editor.ini]
[2023.10.02-21.33.30:103][  0]LogInit: Computer: DESKTOP-H7RNU1V
[2023.10.02-21.33.30:103][  0]LogInit: User: foxib
[2023.10.02-21.33.30:103][  0]LogInit: CPU Page size=4096, Cores=12
[2023.10.02-21.33.30:103][  0]LogInit: High frequency timer resolution =10.000000 MHz
[2023.10.02-21.33.30:103][  0]LogMemory: Memory total: Physical=15.8GB (16GB approx)
[2023.10.02-21.33.30:103][  0]LogMemory: Platform Memory Stats for Windows
[2023.10.02-21.33.30:103][  0]LogMemory: Process Physical Memory: 155.29 MB used, 155.29 MB peak
[2023.10.02-21.33.30:104][  0]LogMemory: Process Virtual Memory: 135.91 MB used, 135.91 MB peak
[2023.10.02-21.33.30:104][  0]LogMemory: Physical Memory: 10741.77 MB used,  5483.09 MB free, 16224.87 MB total
[2023.10.02-21.33.30:104][  0]LogMemory: Virtual Memory: 134211656.00 MB used,  6073.40 MB free, 134217728.00 MB total
[2023.10.02-21.33.30:112][  0]LogWindows: WindowsPlatformFeatures enabled
[2023.10.02-21.33.30:179][  0]LogInit: Physics initialised using underlying interface: PhysX
[2023.10.02-21.33.30:179][  0]LogInit: Using OS detected language (pt-BR).
[2023.10.02-21.33.30:179][  0]LogInit: Using OS detected locale (pt-BR).
[2023.10.02-21.33.30:242][  0]LogTextLocalizationResource: LocRes '../../../Engine/Content/Localization/Editor/pt/Editor.locres' could not be opened for reading!
[2023.10.02-21.33.30:242][  0]LogTextLocalizationResource: LocRes '../../../Engine/Content/Localization/EditorTutorials/pt/EditorTutorials.locres' could not be opened for reading!
[2023.10.02-21.33.30:242][  0]LogTextLocalizationResource: LocRes '../../../Engine/Content/Localization/Keywords/pt/Keywords.locres' could not be opened for reading!
[2023.10.02-21.33.30:242][  0]LogTextLocalizationResource: LocRes '../../../Engine/Content/Localization/Category/pt/Category.locres' could not be opened for reading!
[2023.10.02-21.33.30:243][  0]LogTextLocalizationResource: LocRes '../../../Engine/Content/Localization/ToolTips/pt/ToolTips.locres' could not be opened for reading!
[2023.10.02-21.33.30:243][  0]LogTextLocalizationResource: LocRes '../../../Engine/Content/Localization/PropertyNames/pt/PropertyNames.locres' could not be opened for reading!
[2023.10.02-21.33.30:243][  0]LogTextLocalizationResource: LocRes '../../../Engine/Content/Localization/Engine/pt/Engine.locres' could not be opened for reading!
[2023.10.02-21.33.30:243][  0]LogTextLocalizationResource: LocRes '../../../Engine/Plugins/Online/OnlineSubsystem/Content/Localization/OnlineSubsystem/pt/OnlineSubsystem.locres' could not be opened for reading!
[2023.10.02-21.33.30:244][  0]LogTextLocalizationResource: LocRes '../../../Engine/Plugins/Online/OnlineSubsystemUtils/Content/Localization/OnlineSubsystemUtils/pt/OnlineSubsystemUtils.locres' could not be opened for reading!
[2023.10.02-21.33.30:244][  0]LogTextLocalizationResource: LocRes '../../../Engine/Plugins/Online/IOS/OnlineSubsystemIOS/Content/Localization/OnlineSubsystemIOS/pt/OnlineSubsystemIOS.locres' could not be opened for reading!
[2023.10.02-21.33.30:244][  0]LogTextLocalizationResource: LocRes '../../../Engine/Plugins/Online/Android/OnlineSubsystemGooglePlay/Content/Localization/OnlineSubsystemGooglePlay/pt/OnlineSubsystemGooglePlay.locres' could not be opened for reading!
[2023.10.02-21.33.30:268][  0]LogWindowsTextInputMethodSystem: Display: IME system deactivated.
[2023.10.02-21.33.30:303][  0]LogSlate: New Slate User Created.  User Index 0, Is Virtual User: 0
[2023.10.02-21.33.30:303][  0]LogSlate: Slate User Registered.  User Index 0, Is Virtual User: 0
[2023.10.02-21.33.30:327][  0]LogD3D11RHI: Loaded GFSDK_Aftermath_Lib.x64.dll
[2023.10.02-21.33.30:331][  0]LogHMD: Failed to initialize OpenVR with code 110
[2023.10.02-21.33.30:331][  0]LogD3D11RHI: D3D11 min allowed feature level: 11_0
[2023.10.02-21.33.30:331][  0]LogD3D11RHI: D3D11 max allowed feature level: 11_0
[2023.10.02-21.33.30:331][  0]LogD3D11RHI: D3D11 adapters:
[2023.10.02-21.33.30:554][  0]LogD3D11RHI:    0. 'NVIDIA GeForce GT 1030' (Feature Level 11_0)
[2023.10.02-21.33.30:554][  0]LogD3D11RHI:       1981/0/8112 MB DedicatedVideo/DedicatedSystem/SharedSystem, Outputs:1, VendorId:0x10de
[2023.10.02-21.33.30:557][  0]LogD3D11RHI:    1. 'Microsoft Basic Render Driver' (Feature Level 11_0)
[2023.10.02-21.33.30:557][  0]LogD3D11RHI:       0/0/8112 MB DedicatedVideo/DedicatedSystem/SharedSystem, Outputs:0, VendorId:0x1414
[2023.10.02-21.33.30:733][  0]LogD3D11RHI:    2. 'NVIDIA GeForce GT 1030' (Feature Level 11_0)
[2023.10.02-21.33.30:733][  0]LogD3D11RHI:       1981/0/8112 MB DedicatedVideo/DedicatedSystem/SharedSystem, Outputs:0, VendorId:0x10de
[2023.10.02-21.33.30:733][  0]LogD3D11RHI: Chosen D3D11 Adapter:
[2023.10.02-21.33.30:733][  0]LogD3D11RHI:     Description : NVIDIA GeForce GT 1030
[2023.10.02-21.33.30:733][  0]LogD3D11RHI:     VendorId    : 10de
[2023.10.02-21.33.30:733][  0]LogD3D11RHI:     DeviceId    : 1d01
[2023.10.02-21.33.30:733][  0]LogD3D11RHI:     SubSysId    : 121e10de
[2023.10.02-21.33.30:733][  0]LogD3D11RHI:     Revision    : 00a1
[2023.10.02-21.33.30:733][  0]LogD3D11RHI:     DedicatedVideoMemory : 2077286400 bytes
[2023.10.02-21.33.30:733][  0]LogD3D11RHI:     DedicatedSystemMemory : 0 bytes
[2023.10.02-21.33.30:733][  0]LogD3D11RHI:     SharedSystemMemory : 8506503168 bytes
[2023.10.02-21.33.30:733][  0]LogD3D11RHI:     AdapterLuid : 0 411256
[2023.10.02-21.33.30:741][  0]LogD3D11RHI: Creating new Direct3DDevice
[2023.10.02-21.33.30:741][  0]LogD3D11RHI:     GPU DeviceId: 0x1d01 (for the marketing name, search the web for "GPU Device Id")
[2023.10.02-21.33.30:741][  0]LogWindows: EnumDisplayDevices:
[2023.10.02-21.33.30:741][  0]LogWindows:    0. 'NVIDIA GeForce GT 1030' (P:1 D:1)
[2023.10.02-21.33.30:742][  0]LogWindows:    1. 'NVIDIA GeForce GT 1030' (P:0 D:0)
[2023.10.02-21.33.30:742][  0]LogWindows:    2. 'SuperDisplay Virtual Adapter' (P:0 D:0)
[2023.10.02-21.33.30:742][  0]LogWindows: DebugString: GetVideoDriverDetailsInvalid PrimaryIsNotTheChoosenAdapter FoundDriverCount:2 
[2023.10.02-21.33.30:742][  0]LogD3D11RHI:     Adapter Name: NVIDIA GeForce GT 1030
[2023.10.02-21.33.30:742][  0]LogD3D11RHI:   Driver Version: 536.23 (internal:31.0.15.3623, unified:536.23)
[2023.10.02-21.33.30:742][  0]LogD3D11RHI:      Driver Date: 6-8-2023
[2023.10.02-21.33.30:742][  0]LogRHI: Texture pool is 1386 MB (70% of 1981 MB)
[2023.10.02-21.33.30:742][  0]LogD3D11RHI: Creating D3DDevice using adapter:
[2023.10.02-21.33.30:742][  0]LogD3D11RHI:     Description : NVIDIA GeForce GT 1030
[2023.10.02-21.33.30:742][  0]LogD3D11RHI:     VendorId    : 10de
[2023.10.02-21.33.30:742][  0]LogD3D11RHI:     DeviceId    : 1d01
[2023.10.02-21.33.30:742][  0]LogD3D11RHI:     SubSysId    : 121e10de
[2023.10.02-21.33.30:742][  0]LogD3D11RHI:     Revision    : 00a1
[2023.10.02-21.33.30:742][  0]LogD3D11RHI:     DedicatedVideoMemory : 2077286400 bytes
[2023.10.02-21.33.30:742][  0]LogD3D11RHI:     DedicatedSystemMemory : 0 bytes
[2023.10.02-21.33.30:742][  0]LogD3D11RHI:     SharedSystemMemory : 8506503168 bytes
[2023.10.02-21.33.30:742][  0]LogD3D11RHI:     AdapterLuid : 0 411256
[2023.10.02-21.33.30:881][  0]LogD3D11RHI: RHI has support for 64 bit atomics
[2023.10.02-21.33.30:882][  0]LogD3D11RHI: Async texture creation enabled
[2023.10.02-21.33.30:882][  0]LogD3D11RHI: Array index from any shader is supported
[2023.10.02-21.33.30:908][  0]LogD3D11RHI: GPU Timing Frequency: 1000.000000 (Debug: 2 1)
[2023.10.02-21.33.30:968][  0]LogRHI: GeForceNow SDK initialized: 1
[2023.10.02-21.33.31:391][  0]LogTargetPlatformManager: Display: Loaded TargetPlatform 'WindowsNoEditor'
[2023.10.02-21.33.31:398][  0]LogTargetPlatformManager: Display: Loaded TargetPlatform 'Windows'
[2023.10.02-21.33.31:404][  0]LogTargetPlatformManager: Display: Loaded TargetPlatform 'WindowsClient'
[2023.10.02-21.33.31:411][  0]LogTargetPlatformManager: Display: Loaded TargetPlatform 'WindowsServer'
[2023.10.02-21.33.31:411][  0]LogTargetPlatformManager: Display: Building Assets For Windows
[2023.10.02-21.33.31:422][  0]LogAudioDebug: Display: Lib vorbis DLL was dynamically loaded.
[2023.10.02-21.33.31:484][  0]LogTextureFormatOodle: Display: Oodle Texture 2.9.0 init RDO Off
[2023.10.02-21.33.31:532][  0]LogRendererCore: Ray tracing is disabled. Reason: r.RayTracing=0.
[2023.10.02-21.33.31:532][  0]LogShaderCompilers: Guid format shader working directory is -31 characters bigger than the processId version (../../../../../Users/foxib/Documents/Unreal Projects/LastEnd_Project/LastEnd/Intermediate/Shaders/WorkingDirectory/23504/).
[2023.10.02-21.33.31:532][  0]LogShaderCompilers: Cleaned the shader compiler working directory 'C:/Users/foxib/AppData/Local/Temp/UnrealShaderWorkingDir/DCAE816442F9C4E8EEBD76BA19E4259F/'.
[2023.10.02-21.33.31:533][  0]LogXGEController: Cannot use XGE Controller as Incredibuild is not installed on this machine.
[2023.10.02-21.33.31:533][  0]LogShaderCompilers: Cannot use XGE Shader Compiler as Incredibuild is not installed on this machine.
[2023.10.02-21.33.31:533][  0]LogShaderCompilers: Display: Using Local Shader Compiler.
[2023.10.02-21.33.32:663][  0]LogDerivedDataCache: Display: Max Cache Size: 512 MB
[2023.10.02-21.33.32:752][  0]LogDerivedDataCache: Loaded boot cache 0.09s 78MB C:/Users/foxib/AppData/Local/UnrealEngine/4.27/DerivedDataCache/Boot.ddc.
[2023.10.02-21.33.32:752][  0]LogDerivedDataCache: Display: Loaded Boot cache: C:/Users/foxib/AppData/Local/UnrealEngine/4.27/DerivedDataCache/Boot.ddc
[2023.10.02-21.33.32:752][  0]LogDerivedDataCache: FDerivedDataBackendGraph:  Pak pak cache file ../../../../../Users/foxib/Documents/Unreal Projects/LastEnd_Project/LastEnd/DerivedDataCache/DDC.ddp not found, will not use a pak cache.
[2023.10.02-21.33.32:752][  0]LogDerivedDataCache: Unable to find inner node Pak for hierarchical cache Hierarchy.
[2023.10.02-21.33.32:752][  0]LogDerivedDataCache: FDerivedDataBackendGraph:  CompressedPak pak cache file ../../../../../Users/foxib/Documents/Unreal Projects/LastEnd_Project/LastEnd/DerivedDataCache/Compressed.ddp not found, will not use a pak cache.
[2023.10.02-21.33.32:752][  0]LogDerivedDataCache: Unable to find inner node CompressedPak for hierarchical cache Hierarchy.
[2023.10.02-21.33.32:775][  0]LogDerivedDataCache: Display: Pak cache opened for reading ../../../Engine/DerivedDataCache/Compressed.ddp.
[2023.10.02-21.33.32:775][  0]LogDerivedDataCache: FDerivedDataBackendGraph:  EnterprisePak pak cache file ../../../Enterprise/DerivedDataCache/Compressed.ddp not found, will not use a pak cache.
[2023.10.02-21.33.32:775][  0]LogDerivedDataCache: Unable to find inner node EnterprisePak for hierarchical cache Hierarchy.
[2023.10.02-21.33.32:789][  0]LogDerivedDataCache: Speed tests for C:/Users/foxib/AppData/Local/UnrealEngine/Common/DerivedDataCache took 0.01 seconds
[2023.10.02-21.33.32:789][  0]LogDerivedDataCache: Display: Performance to C:/Users/foxib/AppData/Local/UnrealEngine/Common/DerivedDataCache: Latency=0.08ms. RandomReadSpeed=519.44MBs, RandomWriteSpeed=86.85MBs. Assigned SpeedClass 'Local'
[2023.10.02-21.33.32:790][  0]LogDerivedDataCache: Using Local data cache path C:/Users/foxib/AppData/Local/UnrealEngine/Common/DerivedDataCache: Writable
[2023.10.02-21.33.32:790][  0]LogDerivedDataCache: Shared data cache path not found in *engine.ini, will not use an Shared cache.
[2023.10.02-21.33.32:790][  0]LogDerivedDataCache: Unable to find inner node Shared for hierarchical cache Hierarchy.
[2023.10.02-21.33.32:843][  0]LogSlate: Using FreeType 2.10.0
[2023.10.02-21.33.32:844][  0]LogSlate: SlateFontServices - WITH_FREETYPE: 1, WITH_HARFBUZZ: 1
[2023.10.02-21.33.32:959][  0]LogInit: Using OS detected language (pt-BR).
[2023.10.02-21.33.32:959][  0]LogInit: Using OS detected locale (pt-BR).
[2023.10.02-21.33.32:959][  0]LogTextLocalizationManager: No localization for 'pt-BR' exists, so 'en' will be used for the language.
[2023.10.02-21.33.32:959][  0]LogTextLocalizationManager: No localization for 'pt-BR' exists, so 'en' will be used for the locale.
[2023.10.02-21.33.32:959][  0]LogSlate: FontCache flush requested. Reason: Culture for localization was changed
[2023.10.02-21.33.32:959][  0]LogSlate: FontCache flush requested. Reason: Culture for localization was changed
[2023.10.02-21.33.32:964][  0]LogAssetRegistry: FAssetRegistry took 0.0027 seconds to start up
[2023.10.02-21.33.33:206][  0]LogTextLocalizationManager: Compacting localization data took   0.01ms
[2023.10.02-21.33.33:206][  0]LogPackageLocalizationCache: Processed 27 localized package path(s) for 1 prioritized culture(s) in 0.002563 seconds
[2023.10.02-21.33.33:313][  0]LogInit: Selected Device Profile: [Windows]
[2023.10.02-21.33.33:313][  0]LogInit: Active device profile: [0000018AFE052100][0000018AF55EAEC0 49] Windows
[2023.10.02-21.33.33:313][  0]LogInit: Profiles: [0000018AFE052100][0000018AF55EAEC0 49] Windows, [0000018AFE012300][0000018AF5CF7040 49] WindowsNoEditor, [0000018AFE052600][0000018AF5CFB1C0 49] WindowsServer, [0000018AFE011B00][0000018AF5CFF340 49] WindowsClient, [0000018AFE052C00][0000018AF5D034C0 49] IOS, [0000018AFE011D00][0000018AF5CF3600 49] iPadAir, [0000018AFE051B00][0000018AF5D07740 49] iPadAir2, [0000018AFDFAE700][0000018AF5B7B9C0 49] IPadPro, [0000018AFDFAE800][0000018AF5B73A00 49] iPadAir3, [0000018AFE051D00][0000018AF5B7FB80 49] iPadAir4, [0000018AFDFAE900][0000018AF5B82180 49] iPadMini2, [0000018AFE052200][0000018AF5B86300 49] iPadMini3, [0000018AFDFACC00][0000018AF5B8A480 49] iPadMini4, [0000018AFE050600][0000018AF5B8E600 49] iPadMini5, [0000018AFDFEE000][0000018AF5B968C0 49] iPhone6, [0000018AFDFEE100][0000018AF5B92900 49] iPodTouch6, [0000018AFDFAD900][0000018AF5B9EBC0 49] iPhone7, [0000018AFDFAD800][0000018AF5B9AC00 49] iPodTouch7, [0000018AFDFEE300][0000018AF5BA2D80 49] iPhone5S, [0000018AFDFAD700][0000018AF5BA6F00 49] iPhone6Plus, [0000018AFDFECA00][0000018AE40CB080 49] iPhone6S, [0000018AFDFAC100][0000018AE40CF200 49] iPhone6SPlus, [0000018AFDFEF100][0000018AE40D3380 49] iPhone7Plus, [0000018AFDFAE000][0000018AE40D7500 49] iPhoneSE, [0000018AFDFED200][0000018AE40DB680 49] iPhone8, [0000018AFDFAF500][0000018AF5B777C0 49] iPhone8Plus, [0000018AFDFEC800][0000018AE40DF900 49] iPhoneX, [0000018AFDFAF200][0000018AE40E3A40 49] iPhoneXS, [0000018AFDFED600][0000018AE40EBBC0 49] iPhoneXSMax, [0000018AFDFAD000][0000018AE40EE1C0 49] iPhoneXR, [0000018AFDFEF400][0000018AE40F2340 49] iPhone11, [0000018AFDFAE500][0000018AE40F64C0 49] iPhone11Pro, [0000018AFDFEE500][0000018AE40FA640 49] iPhone11ProMax, [0000018AFDFADD00][0000018AE40FE7C0 49] iPhoneSE2, [0000018AFDFEDC00][0000018AE4102940 49] iPhone12Mini, [0000018AFDFACD00][0000018AE4106AC0 49] iPhone12, [0000018AFDFEFC00][0000018AE410AC40 49] iPhone12Pro, [0000018AFDFAFE00][0000018AE410EDC0 49] iPhone12ProMax, [0000018AFDFEE600][0000018AE4112F40 49] iPadPro105, [0000018AFDFAD600][0000018AF5F3F0C0 49] iPadPro129, [0000018AFE091000][0000018AF5F43240 49] iPadPro97, [0000018AFE012900][0000018AF5F473C0 49] iPadPro2_129, [0000018AFDFEE700][0000018AF5F4B540 49] iPad5, [0000018AFE010500][0000018AF5F4F6C0 49] iPad6, [0000018AFDFEC900][0000018AF5F53840 49] iPad7, [0000018AFE010F00][0000018AE40E7980 49] iPad8, [0000018AFDFECF00][0000018AF5F57AC0 49] iPadPro11, [0000018AFE013E00][0000018AF5F5BC00 49] iPadPro2_11, [0000018AFDFED900][0000018AF5F5E1C0 49] iPadPro3_129, [0000018AFE011300][0000018AF5F66340 49] iPadPro4_129, [0000018AFDFED300][0000018AF5F6A4C0 49] AppleTV, [0000018AFE011100][0000018AF5F6E640 49] AppleTV4K, [0000018AFDFED700][0000018AF5F727C0 49] TVOS, [0000018AFE013600][0000018AF5F76940 49] Mac, [0000018AFDFEF600][0000018AF5F7AAC0 49] MacClient, [0000018AFE011600][0000018AF5F7EC40 49] MacNoEditor, [0000018AFDFEDD00][0000018AF5F82DC0 49] MacServer, [0000018AFE013700][0000018AF5F86F40 49] Linux, [0000018AFDFEFE00][0000018AF5F8B0C0 49] LinuxAArch64, [0000018AFE011900][0000018AF5F8F240 49] LinuxNoEditor, [0000018AFDFEC100][0000018AF5F933C0 49] LinuxAArch64NoEditor, [0000018AFE010600][0000018AF5F97540 49] LinuxClient, [0000018AFDFEC500][0000018AF5F9B6C0 49] LinuxAArch64Client, [0000018AFE010D00][0000018AF5F9F840 49] LinuxServer, [0000018AFDFED400][0000018AF5FA39C0 49] LinuxAArch64Server, [0000018AFE012100][0000018AF5F63B00 49] Android, [0000018AFDFECE00][0000018AF5FA60C0 49] Android_Low, [0000018AFE012200][0000018AF5FAA200 49] Android_Mid, [0000018AFDFEC400][0000018AF5FAE340 49] Android_High, [0000018AFE013800][0000018AF5FB64C0 49] Android_Default, [0000018AFDFEDB00][0000018AF5FBA640 49] Android_Adreno4xx, [0000018AFE011500][0000018AF5FBE7C0 49] Android_Adreno5xx_Low, [0000018AFDFEE800][0000018AF5FC2940 49] Android_Adreno5xx, [0000018AFE013C00][0000018AF5FC6AC0 49] Android_Adreno6xx, [0000018AFDFECC00][0000018AF5FCAC40 49] Android_Adreno6xx_Vulkan, [0000018AFE012800][0000018AF5FCEDC0 49] Android_Mali_T6xx, [0000018AFDFEFA00][0000018AF5FD2F40 49] Android_Mali_T7xx, [0000018AFE012500][0000018AF5FD70C0 49] Android_Mali_T8xx, [0000018AFDFEDA00][0000018AF5FDB240 49] Android_Mali_G71, [0000018AFE010300][0000018AFE33F3C0 49] Android_Mali_G72, [0000018AFDFEE200][0000018AFE343540 49] Android_Mali_G72_Vulkan, [0000018AFE011A00][0000018AFE3476C0 49] Android_Mali_G76, [0000018AFDFAD300][0000018AFE34B840 49] Android_Mali_G76_Vulkan, [0000018AFE053200][0000018AFE34F9C0 49] Android_Mali_G77, [0000018AFDFADC00][0000018AFE353B40 49] Android_Mali_G77_Vulkan, [0000018AFE053D00][0000018AFE356140 49] Android_Mali_G78, [0000018AFDFAED00][0000018AF5FB2280 49] Android_Mali_G78_Vulkan, [0000018AFE052700][0000018AFE35A3C0 49] Android_Mali_G710, [0000018AFDFAEC00][0000018AFE35E500 49] Android_Mali_G710_Vulkan, [0000018AFE052E00][0000018AFE366680 49] Android_Vulkan_SM5, [0000018AFDFAC900][0000018AFE36A800 49] Android_PowerVR_G6xxx, [0000018AFE051200][0000018AFE36E980 49] Android_PowerVR_GT7xxx, [0000018AFDFAC400][0000018AFE372B00 49] Android_PowerVR_GE8xxx, [0000018AFE053900][0000018AFE376C80 49] Android_PowerVR_GM9xxx, [0000018AFDFACE00][0000018AFE37AE00 49] Android_PowerVR_GM9xxx_Vulkan, [0000018AFE050B00][0000018AFE37EF80 49] Android_TegraK1, [0000018AFDFAD500][0000018AFE383100 49] Android_Unknown_Vulkan, [0000018AFE053B00][0000018AFE387280 49] Lumin, [0000018AFDFAC700][0000018AFE38B400 49] Lumin_Desktop, [0000018AFE050300][0000018AFE38F580 49] HoloLens, 
[2023.10.02-21.33.33:377][  0]LogMeshReduction: Using QuadricMeshReduction for automatic static mesh reduction
[2023.10.02-21.33.33:377][  0]LogMeshReduction: Using SimplygonMeshReduction for automatic skeletal mesh reduction
[2023.10.02-21.33.33:377][  0]LogMeshReduction: Using ProxyLODMeshReduction for automatic mesh merging
[2023.10.02-21.33.33:377][  0]LogMeshReduction: No distributed automatic mesh merging module available
[2023.10.02-21.33.33:377][  0]LogMeshMerging: No distributed automatic mesh merging module available
[2023.10.02-21.33.33:531][  0]LogNetVersion: LastEnd 1.0.0, NetCL: 17155196, EngineNetVer: 17, GameNetVer: 0 (Checksum: 213799905)
[2023.10.02-21.33.33:889][  0]LogTexture: Default maximum texture size for cubemaps generated from long-lat sources has been changed from 512 to unlimited. In order to preserve old behaiour for '/Engine/MapTemplates/Sky/DaylightAmbientCubemap.DaylightAmbientCubemap', its maximum texture size has been explicitly set to 512.
[2023.10.02-21.33.33:968][  0]LogHMD: PokeAHoleMaterial loaded successfully
[2023.10.02-21.33.34:142][  0]LogMoviePlayer: Initializing movie player
[2023.10.02-21.33.34:339][  0]LogNiagaraDebuggerClient: Niagara Debugger Client Initialized | Session: C8994B1E4543C9576CED34AAF030C34A | Instance: 96DFCA014062CA8BF63EDA8600369191 (DESKTOP-H7RNU1V-23504).
[2023.10.02-21.33.34:372][  0]LogCollectionManager: Loaded 0 collections in 0.002673 seconds
[2023.10.02-21.33.34:376][  0]LogFileCache: Scanning file cache for directory 'C:/Users/foxib/Documents/Unreal Projects/LastEnd_Project/LastEnd/Saved/Collections/' took 0.00s
[2023.10.02-21.33.34:376][  0]LogFileCache: Scanning file cache for directory 'C:/Users/foxib/Documents/Unreal Projects/LastEnd_Project/LastEnd/Content/Developers/foxib/Collections/' took 0.00s
[2023.10.02-21.33.34:376][  0]LogFileCache: Scanning file cache for directory 'C:/Users/foxib/Documents/Unreal Projects/LastEnd_Project/LastEnd/Content/Collections/' took 0.00s
[2023.10.02-21.33.34:376][  0]LogCollectionManager: Fixed up redirectors for 0 collections in 0.000003 seconds (updated 0 objects)
[2023.10.02-21.33.34:407][  0]LogPython: Using Python 3.7.7
[2023.10.02-21.33.35:374][  0]LogUdpMessaging: Initializing bridge on interface 0.0.0.0:0 to multicast group 230.0.0.1:6666.
[2023.10.02-21.33.35:383][  0]LogTcpMessaging: Initializing TcpMessaging bridge
[2023.10.02-21.33.35:596][  0]SourceControl: Source control is disabled
[2023.10.02-21.33.35:596][  0]SourceControl: Source control is disabled
[2023.10.02-21.33.35:613][  0]LogUProjectInfo: Found projects:
[2023.10.02-21.33.35:644][  0]SourceControl: Source control is disabled
[2023.10.02-21.33.35:755][  0]LogOpenImageDenoise: OIDN starting up
[2023.10.02-21.33.35:846][  0]LogAndroidPermission: UAndroidPermissionCallbackProxy::GetInstance
[2023.10.02-21.33.35:873][  0]LogAudioCaptureCore: Display: No Audio Capture implementations found. Audio input will be silent.
[2023.10.02-21.33.35:873][  0]LogAudioCaptureCore: Display: No Audio Capture implementations found. Audio input will be silent.
[2023.10.02-21.33.36:000][  0]LogOcInput: OculusInput pre-init called
[2023.10.02-21.33.36:017][  0]LogUObjectArray: 22122 objects as part of root set at end of initial load.
[2023.10.02-21.33.36:017][  0]LogUObjectAllocator: 5975840 out of 0 bytes used by permanent object pool.
[2023.10.02-21.33.36:017][  0]LogUObjectArray: CloseDisregardForGC: 0/0 objects in disregard for GC pool
[2023.10.02-21.33.36:107][  0]LogEngine: Initializing Engine...
[2023.10.02-21.33.36:112][  0]LogHMD: Failed to enumerate extensions. Please check that you have a valid OpenXR runtime installed.
[2023.10.02-21.33.36:112][  0]LogHMD: Failed to initialize OpenVR with code 110
[2023.10.02-21.33.36:112][  0]LogMagicLeap: Warning: VR disabled because ZI is not enabled.  To enable, in the editor, Edit -> Project Settings -> Plugins -> Magic Leap Plugin -> Enable Zero Iteration
[2023.10.02-21.33.36:115][  0]LogStats: UGameplayTagsManager::InitializeManager -  0.000 s
[2023.10.02-21.33.36:282][  0]LogInit: Initializing FReadOnlyCVARCache
[2023.10.02-21.33.36:282][  0]LogAudio: Display: Initializing Audio Device Manager...
[2023.10.02-21.33.36:289][  0]LogAudio: Display: Loading Default Audio Settings Objects...
[2023.10.02-21.33.36:291][  0]LogAudio: Display: No default SoundConcurrencyObject specified (or failed to load).
[2023.10.02-21.33.36:292][  0]LogAudio: Display: Audio Device Manager Initialized
[2023.10.02-21.33.36:292][  0]LogAudio: Display: Creating Audio Device:                 Id: 1, Scope: Shared, Realtime: True
[2023.10.02-21.33.36:292][  0]LogAudioMixer: Display: Audio Mixer Platform Settings:
[2023.10.02-21.33.36:292][  0]LogAudioMixer: Display: 	Sample Rate:						  48000
[2023.10.02-21.33.36:292][  0]LogAudioMixer: Display: 	Callback Buffer Frame Size Requested: 1024
[2023.10.02-21.33.36:292][  0]LogAudioMixer: Display: 	Callback Buffer Frame Size To Use:	  1024
[2023.10.02-21.33.36:292][  0]LogAudioMixer: Display: 	Number of buffers to queue:			  2
[2023.10.02-21.33.36:292][  0]LogAudioMixer: Display: 	Max Channels (voices):				  32
[2023.10.02-21.33.36:292][  0]LogAudioMixer: Display: 	Number of Async Source Workers:		  0
[2023.10.02-21.33.36:292][  0]LogAudio: Display: AudioDevice MaxSources: 32
[2023.10.02-21.33.36:293][  0]LogAudio: Display: Audio Spatialization Plugin: None (built-in).
[2023.10.02-21.33.36:293][  0]LogAudio: Display: Audio Reverb Plugin: None (built-in).
[2023.10.02-21.33.36:293][  0]LogAudio: Display: Audio Occlusion Plugin: None (built-in).
[2023.10.02-21.33.36:293][  0]LogAudioMixer: Display: Initializing audio mixer.
[2023.10.02-21.33.36:301][  0]LogAudioMixer: Display: 0: FrontLeft
[2023.10.02-21.33.36:301][  0]LogAudioMixer: Display: 1: FrontRight
[2023.10.02-21.33.36:311][  0]LogAudioMixer: Display: Using Audio Device VoiceMeeter Input (VB-Audio VoiceMeeter VAIO)
[2023.10.02-21.33.36:311][  0]LogAudioMixer: Display: Initializing Sound Submixes...
[2023.10.02-21.33.36:315][  0]LogAudioMixer: Display: Creating Master Submix 'MasterSubmixDefault'
[2023.10.02-21.33.36:315][  0]LogAudioMixer: Display: Creating Master Submix 'MasterReverbSubmixDefault'
[2023.10.02-21.33.36:317][  0]LogAudioMixer: Display: Creating Master Submix 'MasterEQSubmixDefault'
[2023.10.02-21.33.36:319][  0]LogAudioMixer: FMixerPlatformXAudio2::StartAudioStream() called
[2023.10.02-21.33.36:319][  0]LogAudioMixer: Display: Output buffers initialized: Frames=1024, Channels=2, Samples=2048
[2023.10.02-21.33.36:320][  0]LogAudioMixer: Display: Starting AudioMixerPlatformInterface::RunInternal()
[2023.10.02-21.33.36:321][  0]LogAudioMixer: Display: FMixerPlatformXAudio2::SubmitBuffer() called for the first time
[2023.10.02-21.33.36:321][  0]LogInit: FAudioDevice initialized.
[2023.10.02-21.33.36:323][  0]LogNetVersion: Set ProjectVersion to 1.0.0.0. Version Checksum will be recalculated on next use.
[2023.10.02-21.33.36:332][  0]LogInit: Texture streaming: Enabled
[2023.10.02-21.33.36:448][  0]LogAudio: Display: Audio Device (ID: 1) registered with world 'Untitled'.
[2023.10.02-21.33.36:449][  0]LogSlate: Updating window title bar state: overlay mode, drag disabled, window buttons hidden, title bar hidden
[2023.10.02-21.33.36:451][  0]LogInit: Display: Game Engine Initialized.
[2023.10.02-21.33.36:451][  0]LogNiagaraEditor: GEditor isn't valid! Particle reset commands will not work for Niagara components!
[2023.10.02-21.33.36:662][  0]LogInit: Display: Starting Game.
[2023.10.02-21.33.36:663][  0]LogNet: Browse: /Game/Maps/TestMap?Name=Player
[2023.10.02-21.33.36:663][  0]LogLoad: LoadMap: /Game/Maps/TestMap?Name=Player
[2023.10.02-21.33.36:663][  0]LogWorld: BeginTearingDown for /Temp/Untitled_0
[2023.10.02-21.33.36:665][  0]LogWorld: UWorld::CleanupWorld for Untitled, bSessionEnded=true, bCleanupResources=true
[2023.10.02-21.33.36:671][  0]LogAudio: Display: Audio Device unregistered from world 'None'.
[2023.10.02-21.33.36:675][  0]LogUObjectHash: Compacting FUObjectHashTables data took   1.45ms
