Log file open, 10/03/23 17:53:12
LogWindows: Failed to load 'aqProf.dll' (GetLastError=126)
LogWindows: File 'aqProf.dll' does not exist
LogWindows: Failed to load 'VtuneApi.dll' (GetLastError=126)
LogWindows: File 'VtuneApi.dll' does not exist
LogWindows: Failed to load 'VtuneApi32e.dll' (GetLastError=126)
LogWindows: File 'VtuneApi32e.dll' does not exist
LogConsoleResponse: Display: Failed to find resolution value strings in scalability ini. Falling back to default.
LogConsoleResponse: Display: Failed to find resolution value strings in scalability ini. Falling back to default.
LogInit: Display: Running engine for game: LastEnd
LogPlatformFile: Not using cached read wrapper
LogTaskGraph: Started task graph with 5 named threads and 71 total threads with 3 sets of task threads.
LogStats: Stats thread started at 0.341785
LogICUInternationalization: ICU TimeZone Detection - Raw Offset: -3:00, Platform Override: ''
LogInit: Display: Loading text-based GConfig....
LogPluginManager: Mounting plugin MeshPainting
LogPluginManager: Mounting plugin XGEController
LogPluginManager: Mounting plugin Paper2D
LogPluginManager: Mounting plugin AISupport
LogPluginManager: Mounting plugin EnvironmentQueryEditor
LogPluginManager: Mounting plugin LightPropagationVolume
LogPluginManager: Mounting plugin LiveLink
LogPluginManager: Mounting plugin OodleData
LogPluginManager: Mounting plugin AnimationSharing
LogPluginManager: Mounting plugin CLionSourceCodeAccess
LogPluginManager: Mounting plugin CodeLiteSourceCodeAccess
LogPluginManager: Mounting plugin KDevelopSourceCodeAccess
LogPluginManager: Mounting plugin PropertyAccessNode
LogPluginManager: Mounting plugin NullSourceCodeAccess
LogPluginManager: Mounting plugin OodleNetwork
LogPluginManager: Mounting plugin PlasticSourceControl
LogPluginManager: Mounting plugin GitSourceControl
LogPluginManager: Mounting plugin PerforceSourceControl
LogPluginManager: Mounting plugin RiderSourceCodeAccess
LogPluginManager: Mounting plugin PluginUtils
LogPluginManager: Mounting plugin PixWinPlugin
LogPluginManager: Mounting plugin TextureFormatOodle
LogPluginManager: Mounting plugin SubversionSourceControl
LogPluginManager: Mounting plugin VisualStudioCodeSourceCodeAccess
LogPluginManager: Mounting plugin UObjectPlugin
LogPluginManager: Mounting plugin VisualStudioSourceCodeAccess
LogPluginManager: Mounting plugin XCodeSourceCodeAccess
LogPluginManager: Mounting plugin DatasmithContent
LogPluginManager: Mounting plugin AssetManagerEditor
LogPluginManager: Mounting plugin VariantManagerContent
LogPluginManager: Mounting plugin CryptoKeys
LogPluginManager: Mounting plugin CurveEditorTools
LogPluginManager: Mounting plugin DataValidation
LogPluginManager: Mounting plugin FacialAnimation
LogPluginManager: Mounting plugin GameplayTagsEditor
LogPluginManager: Mounting plugin GeometryMode
LogPluginManager: Mounting plugin MacGraphicsSwitching
LogPluginManager: Mounting plugin MaterialAnalyzer
LogPluginManager: Mounting plugin MobileLauncherProfileWizard
LogPluginManager: Mounting plugin PluginBrowser
LogPluginManager: Mounting plugin SpeedTreeImporter
LogPluginManager: Mounting plugin AlembicImporter
LogPluginManager: Mounting plugin Niagara
LogPluginManager: Mounting plugin AutomationUtils
LogPluginManager: Mounting plugin BackChannel
LogPluginManager: Mounting plugin ChaosCloth
LogPluginManager: Mounting plugin ChaosClothEditor
LogPluginManager: Mounting plugin ChaosSolverPlugin
LogPluginManager: Mounting plugin ChaosEditor
LogPluginManager: Mounting plugin CharacterAI
LogPluginManager: Mounting plugin ChaosNiagara
LogPluginManager: Mounting plugin GeometryCache
LogPluginManager: Mounting plugin GeometryCollectionPlugin
LogPluginManager: Mounting plugin GeometryProcessing
LogPluginManager: Mounting plugin OpenImageDenoise
LogPluginManager: Mounting plugin MotoSynth
LogPluginManager: Mounting plugin ProxyLODPlugin
LogPluginManager: Mounting plugin PlanarCut
LogPluginManager: Mounting plugin PlatformCrypto
LogPluginManager: Mounting plugin PythonScriptPlugin
LogPluginManager: Mounting plugin SkeletalReduction
LogPluginManager: Mounting plugin TcpMessaging
LogPluginManager: Mounting plugin UdpMessaging
LogPluginManager: Mounting plugin ActorSequence
LogPluginManager: Mounting plugin LevelSequenceEditor
LogPluginManager: Mounting plugin MatineeToLevelSequence
LogPluginManager: Mounting plugin TemplateSequence
LogPluginManager: Mounting plugin LuminPlatformFeatures
LogPluginManager: Mounting plugin MagicLeap
LogPluginManager: Mounting plugin AndroidMedia
LogPluginManager: Mounting plugin AvfMedia
LogPluginManager: Mounting plugin MagicLeapLightEstimation
LogPluginManager: Mounting plugin MediaPlayerEditor
LogPluginManager: Mounting plugin MediaCompositing
LogPluginManager: Mounting plugin ImgMedia
LogPluginManager: Mounting plugin WebMMedia
LogPluginManager: Mounting plugin WmfMedia
LogPluginManager: Mounting plugin MagicLeapMedia
LogPluginManager: Mounting plugin MagicLeapPassableWorld
LogPluginManager: Mounting plugin MLSDK
LogPluginManager: Mounting plugin LauncherChunkInstaller
LogPluginManager: Mounting plugin OnlineSubsystem
LogPluginManager: Mounting plugin OnlineSubsystemNull
LogPluginManager: Mounting plugin OnlineSubsystemUtils
LogPluginManager: Mounting plugin ScreenshotTools
LogPluginManager: Mounting plugin Takes
LogPluginManager: Mounting plugin ActorLayerUtilities
LogPluginManager: Mounting plugin AndroidMoviePlayer
LogPluginManager: Mounting plugin AndroidDeviceProfileSelector
LogPluginManager: Mounting plugin AppleImageUtils
LogPluginManager: Mounting plugin ArchVisCharacter
LogPluginManager: Mounting plugin AssetTags
LogPluginManager: Mounting plugin AudioCapture
LogPluginManager: Mounting plugin ChunkDownloader
LogPluginManager: Mounting plugin AudioSynesthesia
LogPluginManager: Mounting plugin AndroidPermission
LogPluginManager: Mounting plugin CableComponent
LogPluginManager: Mounting plugin EditableMesh
LogPluginManager: Mounting plugin CustomMeshComponent
LogPluginManager: Mounting plugin ExampleDeviceProfileSelector
LogPluginManager: Mounting plugin GoogleCloudMessaging
LogPluginManager: Mounting plugin GooglePAD
LogPluginManager: Mounting plugin IOSDeviceProfileSelector
LogPluginManager: Mounting plugin LinuxDeviceProfileSelector
LogPluginManager: Mounting plugin LocationServicesBPLibrary
LogPluginManager: Mounting plugin MobilePatchingUtils
LogPluginManager: Mounting plugin AppleMoviePlayer
LogPluginManager: Mounting plugin OpenXREyeTracker
LogPluginManager: Mounting plugin OpenXRHandTracking
LogPluginManager: Mounting plugin OpenXR
LogPluginManager: Mounting plugin PhysXVehicles
LogPluginManager: Mounting plugin PostSplashScreen
LogPluginManager: Mounting plugin ProceduralMeshComponent
LogPluginManager: Mounting plugin PropertyAccessEditor
LogPluginManager: Mounting plugin RuntimePhysXCooking
LogPluginManager: Mounting plugin SignificanceManager
LogPluginManager: Mounting plugin SoundFields
LogPluginManager: Mounting plugin WebMMoviePlayer
LogPluginManager: Mounting plugin Synthesis
LogPluginManager: Mounting plugin WindowsMoviePlayer
LogPluginManager: Mounting plugin GameplayCameras
LogPluginManager: Mounting plugin CameraShakePreviewer
LogPluginManager: Mounting plugin ContentBrowserClassDataSource
LogPluginManager: Mounting plugin ContentBrowserAssetDataSource
LogPluginManager: Mounting plugin ContentBrowserFileDataSource
LogPluginManager: Mounting plugin OnlineSubsystemGooglePlay
LogPluginManager: Mounting plugin OnlineSubsystemIOS
LogPluginManager: Mounting plugin OculusVR
LogPluginManager: Mounting plugin SteamVR
PixWinPlugin: PIX capture plugin failed to initialize! Check that the process is launched from PIX.
LogInit: Using libcurl 7.55.1-DEV
LogInit:  - built for x86_64-pc-win32
LogInit:  - supports SSL with OpenSSL/1.1.1
LogInit:  - supports HTTP deflate (compression) using libz 1.2.8
LogInit:  - other features:
LogInit:      CURL_VERSION_SSL
LogInit:      CURL_VERSION_LIBZ
LogInit:      CURL_VERSION_IPV6
LogInit:      CURL_VERSION_ASYNCHDNS
LogInit:      CURL_VERSION_LARGEFILE
LogInit:      CURL_VERSION_IDN
LogInit:  CurlRequestOptions (configurable via config and command line):
LogInit:  - bVerifyPeer = true  - Libcurl will verify peer certificate
LogInit:  - bUseHttpProxy = false  - Libcurl will NOT use HTTP proxy
LogInit:  - bDontReuseConnections = false  - Libcurl will reuse connections
LogInit:  - MaxHostConnections = 16  - Libcurl will limit the number of connections to a host
LogInit:  - LocalHostAddr = Default
LogInit:  - BufferSize = 65536
LogOnline: OSS: Creating online subsystem instance for: NULL
LogInit: WinSock: version 1.1 (2.2), MaxSocks=32767, MaxUdp=65467
LogOnline: OSS: TryLoadSubsystemAndSetDefault: Loaded subsystem for module [NULL]
LogOculusPluginWrapper: OculusPlugin initialized successfully
LogHMD: Failed initializing OVRPlugin 1.59.0
LogInit: Build: ++UE4+Release-4.27-CL-18319896
LogInit: Engine Version: 4.27.2-18319896+++UE4+Release-4.27
LogInit: Compatible Engine Version: 4.27.0-17155196+++UE4+Release-4.27
LogInit: Net CL: 17155196
LogInit: OS: Windows 10 (Release 2009) (), CPU: Intel(R) Xeon(R) CPU E5-2670 v3 @ 2.30GHz, GPU: NVIDIA GeForce GT 1030
LogInit: Compiled (64-bit): Nov 30 2021 07:12:08
LogInit: Compiled with Visual C++: 19.24.28315.00
LogInit: Build Configuration: Development
LogInit: Branch Name: ++UE4+Release-4.27
LogInit: Command Line:  /Game/Maps/CharacterSelection -game -PIEVIACONSOLE -Multiprocess "GameUserSettingsINI=C:/Users/foxib/Documents/Unreal Projects/LastEnd_Project/LastEnd/Saved/Config/Windows/PIEGameUserSettings0.ini" -MultiprocessSaveConfig -forcepassthrough -messaging -SessionName="Play in Standalone Game" -windowed -WinX=10 -WinY=221 SAVEWINPOS=1 -ResX=1270 -ResY=558
LogInit: Base Directory: C:/Epic Games/UE_4.27/Engine/Binaries/Win64/
LogInit: Allocator: TBB
LogInit: Installed Engine Build: 1
LogDevObjectVersion: Number of dev versions registered: 29
LogDevObjectVersion:   Dev-Blueprints (B0D832E4-1F89-4F0D-ACCF-7EB736FD4AA2): 10
LogDevObjectVersion:   Dev-Build (E1C64328-A22C-4D53-A36C-8E866417BD8C): 0
LogDevObjectVersion:   Dev-Core (375EC13C-06E4-48FB-B500-84F0262A717E): 4
LogDevObjectVersion:   Dev-Editor (E4B068ED-F494-42E9-A231-DA0B2E46BB41): 40
LogDevObjectVersion:   Dev-Framework (CFFC743F-43B0-4480-9391-14DF171D2073): 37
LogDevObjectVersion:   Dev-Mobile (B02B49B5-BB20-44E9-A304-32B752E40360): 3
LogDevObjectVersion:   Dev-Networking (A4E4105C-59A1-49B5-A7C5-40C4547EDFEE): 0
LogDevObjectVersion:   Dev-Online (39C831C9-5AE6-47DC-9A44-9C173E1C8E7C): 0
LogDevObjectVersion:   Dev-Physics (78F01B33-EBEA-4F98-B9B4-84EACCB95AA2): 14
LogDevObjectVersion:   Dev-Platform (6631380F-2D4D-43E0-8009-CF276956A95A): 0
LogDevObjectVersion:   Dev-Rendering (12F88B9F-8875-4AFC-A67C-D90C383ABD29): 45
LogDevObjectVersion:   Dev-Sequencer (7B5AE74C-D270-4C10-A958-57980B212A5A): 13
LogDevObjectVersion:   Dev-VR (D7296918-1DD6-4BDD-9DE2-64A83CC13884): 3
LogDevObjectVersion:   Dev-LoadTimes (C2A15278-BFE7-4AFE-6C17-90FF531DF755): 1
LogDevObjectVersion:   Private-Geometry (6EACA3D4-40EC-4CC1-B786-8BED09428FC5): 3
LogDevObjectVersion:   Dev-AnimPhys (29E575DD-E0A3-4627-9D10-D276232CDCEA): 17
LogDevObjectVersion:   Dev-Anim (AF43A65D-7FD3-4947-9873-3E8ED9C1BB05): 15
LogDevObjectVersion:   Dev-ReflectionCapture (6B266CEC-1EC7-4B8F-A30B-E4D90942FC07): 1
LogDevObjectVersion:   Dev-Automation (0DF73D61-A23F-47EA-B727-89E90C41499A): 1
LogDevObjectVersion:   FortniteMain (601D1886-AC64-4F84-AA16-D3DE0DEAC7D6): 47
LogDevObjectVersion:   FortniteRelease (E7086368-6B23-4C58-8439-1B7016265E91): 1
LogDevObjectVersion:   Dev-Enterprise (9DFFBCD6-494F-0158-E221-12823C92A888): 10
LogDevObjectVersion:   Dev-Niagara (F2AED0AC-9AFE-416F-8664-AA7FFA26D6FC): 1
LogDevObjectVersion:   Dev-Destruction (174F1F0B-B4C6-45A5-B13F-2EE8D0FB917D): 10
LogDevObjectVersion:   Dev-Physics-Ext (35F94A83-E258-406C-A318-09F59610247C): 41
LogDevObjectVersion:   Dev-PhysicsMaterial-Chaos (B68FC16E-8B1B-42E2-B453-215C058844FE): 1
LogDevObjectVersion:   Dev-CineCamera (B2E18506-4273-CFC2-A54E-F4BB758BBA07): 1
LogDevObjectVersion:   Dev-VirtualProduction (64F58936-FD1B-42BA-BA96-7289D5D0FA4E): 1
LogDevObjectVersion:   Dev-MediaFramework (6F0ED827-A609-4895-9C91-998D90180EA4): 2
LogInit: Presizing for max 25165824 objects, including 0 objects not considered by GC, pre-allocating 0 bytes for permanent pool.
LogConfig: Applying CVar settings from Section [/Script/Engine.StreamingSettings] File [C:/Users/foxib/Documents/Unreal Projects/LastEnd_Project/LastEnd/Saved/Config/Windows/Engine.ini]
LogConfig: Setting CVar [[s.MinBulkDataSizeForAsyncLoading:131072]]
LogConfig: Setting CVar [[s.AsyncLoadingThreadEnabled:0]]
LogConfig: Setting CVar [[s.EventDrivenLoaderEnabled:1]]
LogConfig: Setting CVar [[s.WarnIfTimeLimitExceeded:0]]
LogConfig: Setting CVar [[s.TimeLimitExceededMultiplier:1.5]]
LogConfig: Setting CVar [[s.TimeLimitExceededMinTime:0.005]]
LogConfig: Setting CVar [[s.UseBackgroundLevelStreaming:1]]
LogConfig: Setting CVar [[s.PriorityAsyncLoadingExtraTime:15.0]]
LogConfig: Setting CVar [[s.LevelStreamingActorsUpdateTimeLimit:5.0]]
LogConfig: Setting CVar [[s.PriorityLevelStreamingActorsUpdateExtraTime:5.0]]
LogConfig: Setting CVar [[s.LevelStreamingComponentsRegistrationGranularity:10]]
LogConfig: Setting CVar [[s.UnregisterComponentsTimeLimit:1.0]]
LogConfig: Setting CVar [[s.LevelStreamingComponentsUnregistrationGranularity:5]]
LogConfig: Setting CVar [[s.FlushStreamingOnExit:1]]
LogInit: Object subsystem initialized
LogConfig: Setting CVar [[con.DebugEarlyDefault:1]]
LogConfig: Setting CVar [[r.setres:1280x720]]
[2023.10.03-20.53.14:145][  0]LogConfig: Setting CVar [[con.DebugEarlyDefault:1]]
[2023.10.03-20.53.14:145][  0]LogConfig: Setting CVar [[r.setres:1280x720]]
[2023.10.03-20.53.14:145][  0]LogConfig: Applying CVar settings from Section [/Script/Engine.RendererSettings] File [C:/Users/foxib/Documents/Unreal Projects/LastEnd_Project/LastEnd/Saved/Config/Windows/Engine.ini]
[2023.10.03-20.53.14:145][  0]LogConfig: Setting CVar [[r.GPUCrashDebugging:0]]
[2023.10.03-20.53.14:145][  0]LogConfig: Applying CVar settings from Section [/Script/Engine.RendererOverrideSettings] File [C:/Users/foxib/Documents/Unreal Projects/LastEnd_Project/LastEnd/Saved/Config/Windows/Engine.ini]
[2023.10.03-20.53.14:145][  0]LogConfig: Applying CVar settings from Section [/Script/Engine.StreamingSettings] File [C:/Users/foxib/Documents/Unreal Projects/LastEnd_Project/LastEnd/Saved/Config/Windows/Engine.ini]
[2023.10.03-20.53.14:145][  0]LogConfig: Setting CVar [[s.MinBulkDataSizeForAsyncLoading:131072]]
[2023.10.03-20.53.14:145][  0]LogConfig: Setting CVar [[s.AsyncLoadingThreadEnabled:0]]
[2023.10.03-20.53.14:145][  0]LogConfig: Setting CVar [[s.EventDrivenLoaderEnabled:1]]
[2023.10.03-20.53.14:145][  0]LogConfig: Setting CVar [[s.WarnIfTimeLimitExceeded:0]]
[2023.10.03-20.53.14:145][  0]LogConfig: Setting CVar [[s.TimeLimitExceededMultiplier:1.5]]
[2023.10.03-20.53.14:145][  0]LogConfig: Setting CVar [[s.TimeLimitExceededMinTime:0.005]]
[2023.10.03-20.53.14:145][  0]LogConfig: Setting CVar [[s.UseBackgroundLevelStreaming:1]]
[2023.10.03-20.53.14:145][  0]LogConfig: Setting CVar [[s.PriorityAsyncLoadingExtraTime:15.0]]
[2023.10.03-20.53.14:145][  0]LogConfig: Setting CVar [[s.LevelStreamingActorsUpdateTimeLimit:5.0]]
[2023.10.03-20.53.14:145][  0]LogConfig: Setting CVar [[s.PriorityLevelStreamingActorsUpdateExtraTime:5.0]]
[2023.10.03-20.53.14:145][  0]LogConfig: Setting CVar [[s.LevelStreamingComponentsRegistrationGranularity:10]]
[2023.10.03-20.53.14:145][  0]LogConfig: Setting CVar [[s.UnregisterComponentsTimeLimit:1.0]]
[2023.10.03-20.53.14:145][  0]LogConfig: Setting CVar [[s.LevelStreamingComponentsUnregistrationGranularity:5]]
[2023.10.03-20.53.14:145][  0]LogConfig: Setting CVar [[s.FlushStreamingOnExit:1]]
[2023.10.03-20.53.14:145][  0]LogConfig: Applying CVar settings from Section [/Script/Engine.GarbageCollectionSettings] File [C:/Users/foxib/Documents/Unreal Projects/LastEnd_Project/LastEnd/Saved/Config/Windows/Engine.ini]
[2023.10.03-20.53.14:145][  0]LogConfig: Setting CVar [[gc.MaxObjectsNotConsideredByGC:1]]
[2023.10.03-20.53.14:146][  0]LogConfig: Setting CVar [[gc.SizeOfPermanentObjectPool:0]]
[2023.10.03-20.53.14:146][  0]LogConfig: Setting CVar [[gc.FlushStreamingOnGC:0]]
[2023.10.03-20.53.14:146][  0]LogConfig: Setting CVar [[gc.NumRetriesBeforeForcingGC:10]]
[2023.10.03-20.53.14:146][  0]LogConfig: Setting CVar [[gc.AllowParallelGC:1]]
[2023.10.03-20.53.14:146][  0]LogConfig: Setting CVar [[gc.TimeBetweenPurgingPendingKillObjects:61.1]]
[2023.10.03-20.53.14:146][  0]LogConfig: Setting CVar [[gc.MaxObjectsInEditor:25165824]]
[2023.10.03-20.53.14:146][  0]LogConfig: Setting CVar [[gc.IncrementalBeginDestroyEnabled:1]]
[2023.10.03-20.53.14:146][  0]LogConfig: Setting CVar [[gc.CreateGCClusters:1]]
[2023.10.03-20.53.14:146][  0]LogConfig: Setting CVar [[gc.MinGCClusterSize:5]]
[2023.10.03-20.53.14:146][  0]LogConfig: Setting CVar [[gc.ActorClusteringEnabled:0]]
[2023.10.03-20.53.14:146][  0]LogConfig: Setting CVar [[gc.BlueprintClusteringEnabled:0]]
[2023.10.03-20.53.14:146][  0]LogConfig: Setting CVar [[gc.UseDisregardForGCOnDedicatedServers:0]]
[2023.10.03-20.53.14:146][  0]LogConfig: Setting CVar [[gc.MultithreadedDestructionEnabled:1]]
[2023.10.03-20.53.14:146][  0]LogConfig: Applying CVar settings from Section [/Script/Engine.NetworkSettings] File [C:/Users/foxib/Documents/Unreal Projects/LastEnd_Project/LastEnd/Saved/Config/Windows/Engine.ini]
[2023.10.03-20.53.14:146][  0]LogConfig: Applying CVar settings from Section [/Script/UnrealEd.CookerSettings] File [C:/Users/foxib/Documents/Unreal Projects/LastEnd_Project/LastEnd/Saved/Config/Windows/Engine.ini]
[2023.10.03-20.53.14:161][  0]LogConfig: Applying CVar settings from Section [ViewDistanceQuality@3] File [C:/Users/foxib/Documents/Unreal Projects/LastEnd_Project/LastEnd/Saved/Config/Windows/Scalability.ini]
[2023.10.03-20.53.14:161][  0]LogConfig: Setting CVar [[r.SkeletalMeshLODBias:0]]
[2023.10.03-20.53.14:161][  0]LogConfig: Setting CVar [[r.ViewDistanceScale:1.0]]
[2023.10.03-20.53.14:161][  0]LogConfig: Applying CVar settings from Section [AntiAliasingQuality@3] File [C:/Users/foxib/Documents/Unreal Projects/LastEnd_Project/LastEnd/Saved/Config/Windows/Scalability.ini]
[2023.10.03-20.53.14:161][  0]LogConfig: Setting CVar [[r.PostProcessAAQuality:4]]
[2023.10.03-20.53.14:161][  0]LogConfig: Applying CVar settings from Section [ShadowQuality@3] File [C:/Users/foxib/Documents/Unreal Projects/LastEnd_Project/LastEnd/Saved/Config/Windows/Scalability.ini]
[2023.10.03-20.53.14:162][  0]LogConfig: Setting CVar [[r.LightFunctionQuality:1]]
[2023.10.03-20.53.14:162][  0]LogConfig: Setting CVar [[r.ShadowQuality:5]]
[2023.10.03-20.53.14:162][  0]LogConfig: Setting CVar [[r.Shadow.CSM.MaxCascades:10]]
[2023.10.03-20.53.14:162][  0]LogConfig: Setting CVar [[r.Shadow.MaxResolution:2048]]
[2023.10.03-20.53.14:162][  0]LogConfig: Setting CVar [[r.Shadow.MaxCSMResolution:2048]]
[2023.10.03-20.53.14:162][  0]LogConfig: Setting CVar [[r.Shadow.RadiusThreshold:0.01]]
[2023.10.03-20.53.14:162][  0]LogConfig: Setting CVar [[r.Shadow.DistanceScale:1.0]]
[2023.10.03-20.53.14:162][  0]LogConfig: Setting CVar [[r.Shadow.CSM.TransitionScale:1.0]]
[2023.10.03-20.53.14:162][  0]LogConfig: Setting CVar [[r.Shadow.PreShadowResolutionFactor:1.0]]
[2023.10.03-20.53.14:162][  0]LogConfig: Setting CVar [[r.DistanceFieldShadowing:1]]
[2023.10.03-20.53.14:162][  0]LogConfig: Setting CVar [[r.DistanceFieldAO:1]]
[2023.10.03-20.53.14:162][  0]LogConfig: Setting CVar [[r.AOQuality:2]]
[2023.10.03-20.53.14:162][  0]LogConfig: Setting CVar [[r.VolumetricFog:1]]
[2023.10.03-20.53.14:162][  0]LogConfig: Setting CVar [[r.VolumetricFog.GridPixelSize:8]]
[2023.10.03-20.53.14:162][  0]LogConfig: Setting CVar [[r.VolumetricFog.GridSizeZ:128]]
[2023.10.03-20.53.14:162][  0]LogConfig: Setting CVar [[r.VolumetricFog.HistoryMissSupersampleCount:4]]
[2023.10.03-20.53.14:162][  0]LogConfig: Setting CVar [[r.LightMaxDrawDistanceScale:1]]
[2023.10.03-20.53.14:162][  0]LogConfig: Setting CVar [[r.CapsuleShadows:1]]
[2023.10.03-20.53.14:162][  0]LogConfig: Applying CVar settings from Section [PostProcessQuality@3] File [C:/Users/foxib/Documents/Unreal Projects/LastEnd_Project/LastEnd/Saved/Config/Windows/Scalability.ini]
[2023.10.03-20.53.14:162][  0]LogConfig: Setting CVar [[r.MotionBlurQuality:4]]
[2023.10.03-20.53.14:162][  0]LogConfig: Setting CVar [[r.AmbientOcclusionMipLevelFactor:0.4]]
[2023.10.03-20.53.14:162][  0]LogConfig: Setting CVar [[r.AmbientOcclusionMaxQuality:100]]
[2023.10.03-20.53.14:162][  0]LogConfig: Setting CVar [[r.AmbientOcclusionLevels:-1]]
[2023.10.03-20.53.14:162][  0]LogConfig: Setting CVar [[r.AmbientOcclusionRadiusScale:1.0]]
[2023.10.03-20.53.14:162][  0]LogConfig: Setting CVar [[r.DepthOfFieldQuality:2]]
[2023.10.03-20.53.14:162][  0]LogConfig: Setting CVar [[r.RenderTargetPoolMin:400]]
[2023.10.03-20.53.14:162][  0]LogConfig: Setting CVar [[r.LensFlareQuality:2]]
[2023.10.03-20.53.14:162][  0]LogConfig: Setting CVar [[r.SceneColorFringeQuality:1]]
[2023.10.03-20.53.14:162][  0]LogConfig: Setting CVar [[r.EyeAdaptationQuality:2]]
[2023.10.03-20.53.14:162][  0]LogConfig: Setting CVar [[r.BloomQuality:5]]
[2023.10.03-20.53.14:162][  0]LogConfig: Setting CVar [[r.FastBlurThreshold:100]]
[2023.10.03-20.53.14:162][  0]LogConfig: Setting CVar [[r.Upscale.Quality:3]]
[2023.10.03-20.53.14:162][  0]LogConfig: Setting CVar [[r.Tonemapper.GrainQuantization:1]]
[2023.10.03-20.53.14:162][  0]LogConfig: Setting CVar [[r.LightShaftQuality:1]]
[2023.10.03-20.53.14:162][  0]LogConfig: Setting CVar [[r.Filter.SizeScale:1]]
[2023.10.03-20.53.14:162][  0]LogConfig: Setting CVar [[r.Tonemapper.Quality:5]]
[2023.10.03-20.53.14:162][  0]LogConfig: Setting CVar [[r.DOF.Gather.AccumulatorQuality:1        ; higher gathering accumulator quality]]
[2023.10.03-20.53.14:162][  0]LogConfig: Setting CVar [[r.DOF.Gather.PostfilterMethod:1          ; Median3x3 postfilering method]]
[2023.10.03-20.53.14:162][  0]LogConfig: Setting CVar [[r.DOF.Gather.EnableBokehSettings:0       ; no bokeh simulation when gathering]]
[2023.10.03-20.53.14:162][  0]LogConfig: Setting CVar [[r.DOF.Gather.RingCount:4                 ; medium number of samples when gathering]]
[2023.10.03-20.53.14:162][  0]LogConfig: Setting CVar [[r.DOF.Scatter.ForegroundCompositing:1    ; additive foreground scattering]]
[2023.10.03-20.53.14:162][  0]LogConfig: Setting CVar [[r.DOF.Scatter.BackgroundCompositing:2    ; additive background scattering]]
[2023.10.03-20.53.14:162][  0]LogConfig: Setting CVar [[r.DOF.Scatter.EnableBokehSettings:1      ; bokeh simulation when scattering]]
[2023.10.03-20.53.14:162][  0]LogConfig: Setting CVar [[r.DOF.Scatter.MaxSpriteRatio:0.1         ; only a maximum of 10% of scattered bokeh]]
[2023.10.03-20.53.14:162][  0]LogConfig: Setting CVar [[r.DOF.Recombine.Quality:1                ; cheap slight out of focus]]
[2023.10.03-20.53.14:162][  0]LogConfig: Setting CVar [[r.DOF.Recombine.EnableBokehSettings:0    ; no bokeh simulation on slight out of focus]]
[2023.10.03-20.53.14:162][  0]LogConfig: Setting CVar [[r.DOF.TemporalAAQuality:1                ; more stable temporal accumulation]]
[2023.10.03-20.53.14:162][  0]LogConfig: Setting CVar [[r.DOF.Kernel.MaxForegroundRadius:0.025]]
[2023.10.03-20.53.14:162][  0]LogConfig: Setting CVar [[r.DOF.Kernel.MaxBackgroundRadius:0.025]]
[2023.10.03-20.53.14:162][  0]LogConfig: Applying CVar settings from Section [TextureQuality@3] File [C:/Users/foxib/Documents/Unreal Projects/LastEnd_Project/LastEnd/Saved/Config/Windows/Scalability.ini]
[2023.10.03-20.53.14:162][  0]LogConfig: Setting CVar [[r.Streaming.MipBias:0]]
[2023.10.03-20.53.14:162][  0]LogConfig: Setting CVar [[r.Streaming.AmortizeCPUToGPUCopy:0]]
[2023.10.03-20.53.14:162][  0]LogConfig: Setting CVar [[r.Streaming.MaxNumTexturesToStreamPerFrame:0]]
[2023.10.03-20.53.14:162][  0]LogConfig: Setting CVar [[r.Streaming.Boost:1]]
[2023.10.03-20.53.14:162][  0]LogConfig: Setting CVar [[r.MaxAnisotropy:8]]
[2023.10.03-20.53.14:162][  0]LogConfig: Setting CVar [[r.VT.MaxAnisotropy:8]]
[2023.10.03-20.53.14:162][  0]LogConfig: Setting CVar [[r.Streaming.LimitPoolSizeToVRAM:0]]
[2023.10.03-20.53.14:162][  0]LogConfig: Setting CVar [[r.Streaming.PoolSize:1000]]
[2023.10.03-20.53.14:163][  0]LogConfig: Setting CVar [[r.Streaming.MaxEffectiveScreenSize:0]]
[2023.10.03-20.53.14:163][  0]LogConfig: Applying CVar settings from Section [EffectsQuality@3] File [C:/Users/foxib/Documents/Unreal Projects/LastEnd_Project/LastEnd/Saved/Config/Windows/Scalability.ini]
[2023.10.03-20.53.14:163][  0]LogConfig: Setting CVar [[r.TranslucencyLightingVolumeDim:64]]
[2023.10.03-20.53.14:163][  0]LogConfig: Setting CVar [[r.RefractionQuality:2]]
[2023.10.03-20.53.14:163][  0]LogConfig: Setting CVar [[r.SSR.Quality:3]]
[2023.10.03-20.53.14:163][  0]LogConfig: Setting CVar [[r.SSR.HalfResSceneColor:0]]
[2023.10.03-20.53.14:163][  0]LogConfig: Setting CVar [[r.SceneColorFormat:4]]
[2023.10.03-20.53.14:163][  0]LogConfig: Setting CVar [[r.DetailMode:2]]
[2023.10.03-20.53.14:163][  0]LogConfig: Setting CVar [[r.TranslucencyVolumeBlur:1]]
[2023.10.03-20.53.14:163][  0]LogConfig: Setting CVar [[r.MaterialQualityLevel:1 ; High quality]]
[2023.10.03-20.53.14:163][  0]LogConfig: Setting CVar [[r.AnisotropicMaterials:1]]
[2023.10.03-20.53.14:163][  0]LogConfig: Setting CVar [[r.SSS.Scale:1]]
[2023.10.03-20.53.14:163][  0]LogConfig: Setting CVar [[r.SSS.SampleSet:2]]
[2023.10.03-20.53.14:163][  0]LogConfig: Setting CVar [[r.SSS.Quality:1]]
[2023.10.03-20.53.14:163][  0]LogConfig: Setting CVar [[r.SSS.HalfRes:0]]
[2023.10.03-20.53.14:163][  0]LogConfig: Setting CVar [[r.SSGI.Quality:3]]
[2023.10.03-20.53.14:163][  0]LogConfig: Setting CVar [[r.EmitterSpawnRateScale:1.0]]
[2023.10.03-20.53.14:163][  0]LogConfig: Setting CVar [[r.ParticleLightQuality:2]]
[2023.10.03-20.53.14:163][  0]LogConfig: Setting CVar [[r.SkyAtmosphere.AerialPerspectiveLUT.FastApplyOnOpaque:1 ; Always have FastSkyLUT 1 in this case to avoid wrong sky]]
[2023.10.03-20.53.14:163][  0]LogConfig: Setting CVar [[r.SkyAtmosphere.AerialPerspectiveLUT.SampleCountMaxPerSlice:4]]
[2023.10.03-20.53.14:163][  0]LogConfig: Setting CVar [[r.SkyAtmosphere.AerialPerspectiveLUT.DepthResolution:16.0]]
[2023.10.03-20.53.14:163][  0]LogConfig: Setting CVar [[r.SkyAtmosphere.FastSkyLUT:1]]
[2023.10.03-20.53.14:163][  0]LogConfig: Setting CVar [[r.SkyAtmosphere.FastSkyLUT.SampleCountMin:4.0]]
[2023.10.03-20.53.14:163][  0]LogConfig: Setting CVar [[r.SkyAtmosphere.FastSkyLUT.SampleCountMax:128.0]]
[2023.10.03-20.53.14:163][  0]LogConfig: Setting CVar [[r.SkyAtmosphere.SampleCountMin:4.0]]
[2023.10.03-20.53.14:163][  0]LogConfig: Setting CVar [[r.SkyAtmosphere.SampleCountMax:128.0]]
[2023.10.03-20.53.14:163][  0]LogConfig: Setting CVar [[r.SkyAtmosphere.TransmittanceLUT.UseSmallFormat:0]]
[2023.10.03-20.53.14:163][  0]LogConfig: Setting CVar [[r.SkyAtmosphere.TransmittanceLUT.SampleCount:10.0]]
[2023.10.03-20.53.14:163][  0]LogConfig: Setting CVar [[r.SkyAtmosphere.MultiScatteringLUT.SampleCount:15.0]]
[2023.10.03-20.53.14:163][  0]LogConfig: Setting CVar [[r.SkyLight.RealTimeReflectionCapture:1]]
[2023.10.03-20.53.14:163][  0]LogConfig: Applying CVar settings from Section [FoliageQuality@3] File [C:/Users/foxib/Documents/Unreal Projects/LastEnd_Project/LastEnd/Saved/Config/Windows/Scalability.ini]
[2023.10.03-20.53.14:163][  0]LogConfig: Setting CVar [[foliage.DensityScale:1.0]]
[2023.10.03-20.53.14:163][  0]LogConfig: Setting CVar [[grass.DensityScale:1.0]]
[2023.10.03-20.53.14:163][  0]LogConfig: Applying CVar settings from Section [ShadingQuality@3] File [C:/Users/foxib/Documents/Unreal Projects/LastEnd_Project/LastEnd/Saved/Config/Windows/Scalability.ini]
[2023.10.03-20.53.14:163][  0]LogConfig: Setting CVar [[r.HairStrands.SkyLighting.IntegrationType:2]]
[2023.10.03-20.53.14:163][  0]LogConfig: Setting CVar [[r.HairStrands.SkyAO.SampleCount:4]]
[2023.10.03-20.53.14:163][  0]LogConfig: Setting CVar [[r.HairStrands.Visibility.MSAA.SamplePerPixel:4]]
[2023.10.03-20.53.14:163][  0]LogInit: Selected Device Profile: [Windows]
[2023.10.03-20.53.14:163][  0]LogInit: Applying CVar settings loaded from the selected device profile: [Windows]
[2023.10.03-20.53.14:163][  0]LogHAL: Display: Platform has ~ 16 GB [17013006336 / 17179869184 / 16], which maps to Larger [LargestMinGB=32, LargerMinGB=12, DefaultMinGB=8, SmallerMinGB=6, SmallestMinGB=0)
[2023.10.03-20.53.14:163][  0]LogInit: Going up to parent DeviceProfile []
[2023.10.03-20.53.14:163][  0]LogConfig: Applying CVar settings from Section [ViewDistanceQuality@Cine] File [C:/Users/foxib/Documents/Unreal Projects/LastEnd_Project/LastEnd/Saved/Config/Windows/Scalability.ini]
[2023.10.03-20.53.14:163][  0]LogConfig: Setting CVar [[r.SkeletalMeshLODBias:0]]
[2023.10.03-20.53.14:163][  0]LogConfig: Setting CVar [[r.ViewDistanceScale:10.0]]
[2023.10.03-20.53.14:163][  0]LogConfig: Applying CVar settings from Section [AntiAliasingQuality@Cine] File [C:/Users/foxib/Documents/Unreal Projects/LastEnd_Project/LastEnd/Saved/Config/Windows/Scalability.ini]
[2023.10.03-20.53.14:163][  0]LogConfig: Setting CVar [[r.PostProcessAAQuality:6]]
[2023.10.03-20.53.14:163][  0]LogConfig: Applying CVar settings from Section [ShadowQuality@Cine] File [C:/Users/foxib/Documents/Unreal Projects/LastEnd_Project/LastEnd/Saved/Config/Windows/Scalability.ini]
[2023.10.03-20.53.14:163][  0]LogConfig: Setting CVar [[r.LightFunctionQuality:1]]
[2023.10.03-20.53.14:164][  0]LogConfig: Setting CVar [[r.ShadowQuality:5]]
[2023.10.03-20.53.14:164][  0]LogConfig: Setting CVar [[r.Shadow.CSM.MaxCascades:10]]
[2023.10.03-20.53.14:164][  0]LogConfig: Setting CVar [[r.Shadow.MaxResolution:4096]]
[2023.10.03-20.53.14:164][  0]LogConfig: Setting CVar [[r.Shadow.MaxCSMResolution:4096]]
[2023.10.03-20.53.14:164][  0]LogConfig: Setting CVar [[r.Shadow.RadiusThreshold:0]]
[2023.10.03-20.53.14:164][  0]LogConfig: Setting CVar [[r.Shadow.DistanceScale:1.0]]
[2023.10.03-20.53.14:164][  0]LogConfig: Setting CVar [[r.Shadow.CSM.TransitionScale:1.0]]
[2023.10.03-20.53.14:164][  0]LogConfig: Setting CVar [[r.Shadow.PreShadowResolutionFactor:1.0]]
[2023.10.03-20.53.14:164][  0]LogConfig: Setting CVar [[r.DistanceFieldShadowing:1]]
[2023.10.03-20.53.14:164][  0]LogConfig: Setting CVar [[r.DistanceFieldAO:1]]
[2023.10.03-20.53.14:164][  0]LogConfig: Setting CVar [[r.AOQuality:2]]
[2023.10.03-20.53.14:164][  0]LogConfig: Setting CVar [[r.VolumetricFog:1]]
[2023.10.03-20.53.14:164][  0]LogConfig: Setting CVar [[r.VolumetricFog.GridPixelSize:4]]
[2023.10.03-20.53.14:164][  0]LogConfig: Setting CVar [[r.VolumetricFog.GridSizeZ:128]]
[2023.10.03-20.53.14:164][  0]LogConfig: Setting CVar [[r.VolumetricFog.HistoryMissSupersampleCount:16]]
[2023.10.03-20.53.14:164][  0]LogConfig: Setting CVar [[r.LightMaxDrawDistanceScale:1]]
[2023.10.03-20.53.14:164][  0]LogConfig: Setting CVar [[r.CapsuleShadows:1]]
[2023.10.03-20.53.14:164][  0]LogConfig: Applying CVar settings from Section [PostProcessQuality@Cine] File [C:/Users/foxib/Documents/Unreal Projects/LastEnd_Project/LastEnd/Saved/Config/Windows/Scalability.ini]
[2023.10.03-20.53.14:164][  0]LogConfig: Setting CVar [[r.MotionBlurQuality:4]]
[2023.10.03-20.53.14:164][  0]LogConfig: Setting CVar [[r.AmbientOcclusionMipLevelFactor:0.4]]
[2023.10.03-20.53.14:164][  0]LogConfig: Setting CVar [[r.AmbientOcclusionMaxQuality:100]]
[2023.10.03-20.53.14:164][  0]LogConfig: Setting CVar [[r.AmbientOcclusionLevels:-1]]
[2023.10.03-20.53.14:164][  0]LogConfig: Setting CVar [[r.AmbientOcclusionRadiusScale:1.0]]
[2023.10.03-20.53.14:164][  0]LogConfig: Setting CVar [[r.GTAO.Numangles:4]]
[2023.10.03-20.53.14:164][  0]LogConfig: Setting CVar [[r.DepthOfFieldQuality:4]]
[2023.10.03-20.53.14:164][  0]LogConfig: Setting CVar [[r.RenderTargetPoolMin:1000]]
[2023.10.03-20.53.14:164][  0]LogConfig: Setting CVar [[r.LensFlareQuality:3]]
[2023.10.03-20.53.14:164][  0]LogConfig: Setting CVar [[r.SceneColorFringeQuality:1]]
[2023.10.03-20.53.14:164][  0]LogConfig: Setting CVar [[r.EyeAdaptationQuality:2]]
[2023.10.03-20.53.14:164][  0]LogConfig: Setting CVar [[r.BloomQuality:5]]
[2023.10.03-20.53.14:164][  0]LogConfig: Setting CVar [[r.FastBlurThreshold:100]]
[2023.10.03-20.53.14:164][  0]LogConfig: Setting CVar [[r.Upscale.Quality:3]]
[2023.10.03-20.53.14:164][  0]LogConfig: Setting CVar [[r.Tonemapper.GrainQuantization:1]]
[2023.10.03-20.53.14:164][  0]LogConfig: Setting CVar [[r.LightShaftQuality:1]]
[2023.10.03-20.53.14:164][  0]LogConfig: Setting CVar [[r.Filter.SizeScale:1]]
[2023.10.03-20.53.14:164][  0]LogConfig: Setting CVar [[r.Tonemapper.Quality:5]]
[2023.10.03-20.53.14:164][  0]LogConfig: Setting CVar [[r.DOF.Gather.AccumulatorQuality:1        ; higher gathering accumulator quality]]
[2023.10.03-20.53.14:164][  0]LogConfig: Setting CVar [[r.DOF.Gather.PostfilterMethod:1          ; Median3x3 postfilering method]]
[2023.10.03-20.53.14:164][  0]LogConfig: Setting CVar [[r.DOF.Gather.EnableBokehSettings:1       ; bokeh simulation when gathering]]
[2023.10.03-20.53.14:164][  0]LogConfig: Setting CVar [[r.DOF.Gather.RingCount:5                 ; high number of samples when gathering]]
[2023.10.03-20.53.14:164][  0]LogConfig: Setting CVar [[r.DOF.Scatter.ForegroundCompositing:1    ; additive foreground scattering]]
[2023.10.03-20.53.14:164][  0]LogConfig: Setting CVar [[r.DOF.Scatter.BackgroundCompositing:2    ; background scattering occlusion]]
[2023.10.03-20.53.14:164][  0]LogConfig: Setting CVar [[r.DOF.Scatter.EnableBokehSettings:1      ; no bokeh simulation when scattering]]
[2023.10.03-20.53.14:164][  0]LogConfig: Setting CVar [[r.DOF.Scatter.MaxSpriteRatio:0.25        ; only a maximum of 10% of scattered bokeh]]
[2023.10.03-20.53.14:164][  0]LogConfig: Setting CVar [[r.DOF.Recombine.Quality:2                ; highest slight out of focus]]
[2023.10.03-20.53.14:164][  0]LogConfig: Setting CVar [[r.DOF.Recombine.EnableBokehSettings:1    ; bokeh simulation on slight out of focus]]
[2023.10.03-20.53.14:164][  0]LogConfig: Setting CVar [[r.DOF.TemporalAAQuality:1                ; more stable temporal accumulation]]
[2023.10.03-20.53.14:164][  0]LogConfig: Setting CVar [[r.DOF.Kernel.MaxForegroundRadius:0.025]]
[2023.10.03-20.53.14:164][  0]LogConfig: Setting CVar [[r.DOF.Kernel.MaxBackgroundRadius:0.025]]
[2023.10.03-20.53.14:164][  0]LogConfig: Applying CVar settings from Section [TextureQuality@Cine] File [C:/Users/foxib/Documents/Unreal Projects/LastEnd_Project/LastEnd/Saved/Config/Windows/Scalability.ini]
[2023.10.03-20.53.14:164][  0]LogConfig: Setting CVar [[r.Streaming.MipBias:0]]
[2023.10.03-20.53.14:164][  0]LogConfig: Setting CVar [[r.Streaming.AmortizeCPUToGPUCopy:0]]
[2023.10.03-20.53.14:164][  0]LogConfig: Setting CVar [[r.Streaming.MaxNumTexturesToStreamPerFrame:0]]
[2023.10.03-20.53.14:164][  0]LogConfig: Setting CVar [[r.Streaming.Boost:1]]
[2023.10.03-20.53.14:164][  0]LogConfig: Setting CVar [[r.MaxAnisotropy:8]]
[2023.10.03-20.53.14:164][  0]LogConfig: Setting CVar [[r.VT.MaxAnisotropy:8]]
[2023.10.03-20.53.14:164][  0]LogConfig: Setting CVar [[r.Streaming.LimitPoolSizeToVRAM:0]]
[2023.10.03-20.53.14:164][  0]LogConfig: Setting CVar [[r.Streaming.PoolSize:3000]]
[2023.10.03-20.53.14:165][  0]LogConfig: Setting CVar [[r.Streaming.MaxEffectiveScreenSize:0]]
[2023.10.03-20.53.14:165][  0]LogConfig: Applying CVar settings from Section [EffectsQuality@Cine] File [C:/Users/foxib/Documents/Unreal Projects/LastEnd_Project/LastEnd/Saved/Config/Windows/Scalability.ini]
[2023.10.03-20.53.14:165][  0]LogConfig: Setting CVar [[r.TranslucencyLightingVolumeDim:64]]
[2023.10.03-20.53.14:165][  0]LogConfig: Setting CVar [[r.RefractionQuality:2]]
[2023.10.03-20.53.14:165][  0]LogConfig: Setting CVar [[r.SSR.Quality:4]]
[2023.10.03-20.53.14:165][  0]LogConfig: Setting CVar [[r.SSR.HalfResSceneColor:0]]
[2023.10.03-20.53.14:165][  0]LogConfig: Setting CVar [[r.SceneColorFormat:4]]
[2023.10.03-20.53.14:165][  0]LogConfig: Setting CVar [[r.DetailMode:2]]
[2023.10.03-20.53.14:165][  0]LogConfig: Setting CVar [[r.TranslucencyVolumeBlur:1]]
[2023.10.03-20.53.14:165][  0]LogConfig: Setting CVar [[r.MaterialQualityLevel:1 ; High quality]]
[2023.10.03-20.53.14:165][  0]LogConfig: Setting CVar [[r.AnisotropicMaterials:1]]
[2023.10.03-20.53.14:165][  0]LogConfig: Setting CVar [[r.SSS.Scale:1]]
[2023.10.03-20.53.14:165][  0]LogConfig: Setting CVar [[r.SSS.SampleSet:2]]
[2023.10.03-20.53.14:165][  0]LogConfig: Setting CVar [[r.SSS.Quality:1]]
[2023.10.03-20.53.14:165][  0]LogConfig: Setting CVar [[r.SSS.HalfRes:0]]
[2023.10.03-20.53.14:165][  0]LogConfig: Setting CVar [[r.SSGI.Quality:4]]
[2023.10.03-20.53.14:165][  0]LogConfig: Setting CVar [[r.EmitterSpawnRateScale:1.0]]
[2023.10.03-20.53.14:165][  0]LogConfig: Setting CVar [[r.ParticleLightQuality:2]]
[2023.10.03-20.53.14:165][  0]LogConfig: Setting CVar [[r.SkyAtmosphere.AerialPerspectiveLUT.FastApplyOnOpaque:0]]
[2023.10.03-20.53.14:165][  0]LogConfig: Setting CVar [[r.SkyAtmosphere.AerialPerspectiveLUT.SampleCountMaxPerSlice:8]]
[2023.10.03-20.53.14:165][  0]LogConfig: Setting CVar [[r.SkyAtmosphere.AerialPerspectiveLUT.DepthResolution:32.0]]
[2023.10.03-20.53.14:165][  0]LogConfig: Setting CVar [[r.SkyAtmosphere.FastSkyLUT:0]]
[2023.10.03-20.53.14:165][  0]LogConfig: Setting CVar [[r.SkyAtmosphere.FastSkyLUT.SampleCountMin:4.0]]
[2023.10.03-20.53.14:165][  0]LogConfig: Setting CVar [[r.SkyAtmosphere.FastSkyLUT.SampleCountMax:256.0]]
[2023.10.03-20.53.14:165][  0]LogConfig: Setting CVar [[r.SkyAtmosphere.SampleCountMin:8.0]]
[2023.10.03-20.53.14:165][  0]LogConfig: Setting CVar [[r.SkyAtmosphere.SampleCountMax:256.0]]
[2023.10.03-20.53.14:165][  0]LogConfig: Setting CVar [[r.SkyAtmosphere.TransmittanceLUT.UseSmallFormat:0]]
[2023.10.03-20.53.14:165][  0]LogConfig: Setting CVar [[r.SkyAtmosphere.TransmittanceLUT.SampleCount:30.0]]
[2023.10.03-20.53.14:165][  0]LogConfig: Setting CVar [[r.SkyAtmosphere.MultiScatteringLUT.SampleCount:20.0]]
[2023.10.03-20.53.14:165][  0]LogConfig: Setting CVar [[r.SkyLight.RealTimeReflectionCapture:1]]
[2023.10.03-20.53.14:165][  0]LogConfig: Applying CVar settings from Section [FoliageQuality@Cine] File [C:/Users/foxib/Documents/Unreal Projects/LastEnd_Project/LastEnd/Saved/Config/Windows/Scalability.ini]
[2023.10.03-20.53.14:165][  0]LogConfig: Setting CVar [[foliage.DensityScale:1.0]]
[2023.10.03-20.53.14:165][  0]LogConfig: Setting CVar [[grass.DensityScale:1.0]]
[2023.10.03-20.53.14:165][  0]LogConfig: Applying CVar settings from Section [ShadingQuality@Cine] File [C:/Users/foxib/Documents/Unreal Projects/LastEnd_Project/LastEnd/Saved/Config/Windows/Scalability.ini]
[2023.10.03-20.53.14:165][  0]LogConfig: Setting CVar [[r.HairStrands.SkyLighting.IntegrationType:0]]
[2023.10.03-20.53.14:165][  0]LogConfig: Setting CVar [[r.HairStrands.SkyAO.SampleCount:8]]
[2023.10.03-20.53.14:165][  0]LogConfig: Setting CVar [[r.HairStrands.Visibility.MSAA.SamplePerPixel:8]]
[2023.10.03-20.53.14:165][  0]LogConfig: Applying CVar settings from Section [Startup] File [../../../Engine/Config/ConsoleVariables.ini]
[2023.10.03-20.53.14:166][  0]LogConfig: Setting CVar [[net.UseAdaptiveNetUpdateFrequency:0]]
[2023.10.03-20.53.14:166][  0]LogConfig: Setting CVar [[p.chaos.AllowCreatePhysxBodies:1]]
[2023.10.03-20.53.14:166][  0]LogConfig: Setting CVar [[fx.SkipVectorVMBackendOptimizations:1]]
[2023.10.03-20.53.14:166][  0]LogConfig: Applying CVar settings from Section [ConsoleVariables] File [C:/Users/foxib/Documents/Unreal Projects/LastEnd_Project/LastEnd/Saved/Config/Windows/Engine.ini]
[2023.10.03-20.53.14:166][  0]LogConfig: Applying CVar settings from Section [ConsoleVariables] File [C:/Users/foxib/Documents/Unreal Projects/LastEnd_Project/LastEnd/Saved/Config/Windows/Editor.ini]
[2023.10.03-20.53.14:166][  0]LogInit: Computer: DESKTOP-H7RNU1V
[2023.10.03-20.53.14:166][  0]LogInit: User: foxib
[2023.10.03-20.53.14:166][  0]LogInit: CPU Page size=4096, Cores=12
[2023.10.03-20.53.14:166][  0]LogInit: High frequency timer resolution =10.000000 MHz
[2023.10.03-20.53.14:166][  0]LogMemory: Memory total: Physical=15.8GB (16GB approx)
[2023.10.03-20.53.14:166][  0]LogMemory: Platform Memory Stats for Windows
[2023.10.03-20.53.14:166][  0]LogMemory: Process Physical Memory: 154.26 MB used, 154.27 MB peak
[2023.10.03-20.53.14:166][  0]LogMemory: Process Virtual Memory: 135.77 MB used, 135.77 MB peak
[2023.10.03-20.53.14:166][  0]LogMemory: Physical Memory: 13064.23 MB used,  3160.63 MB free, 16224.87 MB total
[2023.10.03-20.53.14:166][  0]LogMemory: Virtual Memory: 134212552.00 MB used,  5175.10 MB free, 134217728.00 MB total
[2023.10.03-20.53.14:174][  0]LogWindows: WindowsPlatformFeatures enabled
[2023.10.03-20.53.14:242][  0]LogInit: Physics initialised using underlying interface: PhysX
[2023.10.03-20.53.14:242][  0]LogInit: Using OS detected language (pt-BR).
[2023.10.03-20.53.14:242][  0]LogInit: Using OS detected locale (pt-BR).
[2023.10.03-20.53.14:307][  0]LogTextLocalizationResource: LocRes '../../../Engine/Content/Localization/Editor/pt/Editor.locres' could not be opened for reading!
[2023.10.03-20.53.14:308][  0]LogTextLocalizationResource: LocRes '../../../Engine/Content/Localization/EditorTutorials/pt/EditorTutorials.locres' could not be opened for reading!
[2023.10.03-20.53.14:308][  0]LogTextLocalizationResource: LocRes '../../../Engine/Content/Localization/Keywords/pt/Keywords.locres' could not be opened for reading!
[2023.10.03-20.53.14:308][  0]LogTextLocalizationResource: LocRes '../../../Engine/Content/Localization/Category/pt/Category.locres' could not be opened for reading!
[2023.10.03-20.53.14:309][  0]LogTextLocalizationResource: LocRes '../../../Engine/Content/Localization/ToolTips/pt/ToolTips.locres' could not be opened for reading!
[2023.10.03-20.53.14:309][  0]LogTextLocalizationResource: LocRes '../../../Engine/Content/Localization/PropertyNames/pt/PropertyNames.locres' could not be opened for reading!
[2023.10.03-20.53.14:309][  0]LogTextLocalizationResource: LocRes '../../../Engine/Content/Localization/Engine/pt/Engine.locres' could not be opened for reading!
[2023.10.03-20.53.14:309][  0]LogTextLocalizationResource: LocRes '../../../Engine/Plugins/Online/OnlineSubsystem/Content/Localization/OnlineSubsystem/pt/OnlineSubsystem.locres' could not be opened for reading!
[2023.10.03-20.53.14:310][  0]LogTextLocalizationResource: LocRes '../../../Engine/Plugins/Online/OnlineSubsystemUtils/Content/Localization/OnlineSubsystemUtils/pt/OnlineSubsystemUtils.locres' could not be opened for reading!
[2023.10.03-20.53.14:310][  0]LogTextLocalizationResource: LocRes '../../../Engine/Plugins/Online/Android/OnlineSubsystemGooglePlay/Content/Localization/OnlineSubsystemGooglePlay/pt/OnlineSubsystemGooglePlay.locres' could not be opened for reading!
[2023.10.03-20.53.14:310][  0]LogTextLocalizationResource: LocRes '../../../Engine/Plugins/Online/IOS/OnlineSubsystemIOS/Content/Localization/OnlineSubsystemIOS/pt/OnlineSubsystemIOS.locres' could not be opened for reading!
[2023.10.03-20.53.14:334][  0]LogWindowsTextInputMethodSystem: Display: IME system deactivated.
[2023.10.03-20.53.14:372][  0]LogSlate: New Slate User Created.  User Index 0, Is Virtual User: 0
[2023.10.03-20.53.14:372][  0]LogSlate: Slate User Registered.  User Index 0, Is Virtual User: 0
[2023.10.03-20.53.14:395][  0]LogD3D11RHI: Loaded GFSDK_Aftermath_Lib.x64.dll
[2023.10.03-20.53.14:398][  0]LogHMD: Failed to initialize OpenVR with code 110
[2023.10.03-20.53.14:398][  0]LogD3D11RHI: D3D11 min allowed feature level: 11_0
[2023.10.03-20.53.14:398][  0]LogD3D11RHI: D3D11 max allowed feature level: 11_0
[2023.10.03-20.53.14:398][  0]LogD3D11RHI: D3D11 adapters:
[2023.10.03-20.53.14:599][  0]LogD3D11RHI:    0. 'NVIDIA GeForce GT 1030' (Feature Level 11_0)
[2023.10.03-20.53.14:599][  0]LogD3D11RHI:       1981/0/8112 MB DedicatedVideo/DedicatedSystem/SharedSystem, Outputs:1, VendorId:0x10de
[2023.10.03-20.53.14:602][  0]LogD3D11RHI:    1. 'Microsoft Basic Render Driver' (Feature Level 11_0)
[2023.10.03-20.53.14:602][  0]LogD3D11RHI:       0/0/8112 MB DedicatedVideo/DedicatedSystem/SharedSystem, Outputs:0, VendorId:0x1414
[2023.10.03-20.53.14:762][  0]LogD3D11RHI:    2. 'NVIDIA GeForce GT 1030' (Feature Level 11_0)
[2023.10.03-20.53.14:762][  0]LogD3D11RHI:       1981/0/8112 MB DedicatedVideo/DedicatedSystem/SharedSystem, Outputs:0, VendorId:0x10de
[2023.10.03-20.53.14:762][  0]LogD3D11RHI: Chosen D3D11 Adapter:
[2023.10.03-20.53.14:762][  0]LogD3D11RHI:     Description : NVIDIA GeForce GT 1030
[2023.10.03-20.53.14:762][  0]LogD3D11RHI:     VendorId    : 10de
[2023.10.03-20.53.14:762][  0]LogD3D11RHI:     DeviceId    : 1d01
[2023.10.03-20.53.14:762][  0]LogD3D11RHI:     SubSysId    : 121e10de
[2023.10.03-20.53.14:762][  0]LogD3D11RHI:     Revision    : 00a1
[2023.10.03-20.53.14:762][  0]LogD3D11RHI:     DedicatedVideoMemory : 2077286400 bytes
[2023.10.03-20.53.14:762][  0]LogD3D11RHI:     DedicatedSystemMemory : 0 bytes
[2023.10.03-20.53.14:762][  0]LogD3D11RHI:     SharedSystemMemory : 8506503168 bytes
[2023.10.03-20.53.14:762][  0]LogD3D11RHI:     AdapterLuid : 0 411256
[2023.10.03-20.53.14:770][  0]LogD3D11RHI: Creating new Direct3DDevice
[2023.10.03-20.53.14:770][  0]LogD3D11RHI:     GPU DeviceId: 0x1d01 (for the marketing name, search the web for "GPU Device Id")
[2023.10.03-20.53.14:770][  0]LogWindows: EnumDisplayDevices:
[2023.10.03-20.53.14:770][  0]LogWindows:    0. 'NVIDIA GeForce GT 1030' (P:1 D:1)
[2023.10.03-20.53.14:771][  0]LogWindows:    1. 'NVIDIA GeForce GT 1030' (P:0 D:0)
[2023.10.03-20.53.14:771][  0]LogWindows:    2. 'SuperDisplay Virtual Adapter' (P:0 D:0)
[2023.10.03-20.53.14:771][  0]LogWindows: DebugString: GetVideoDriverDetailsInvalid PrimaryIsNotTheChoosenAdapter FoundDriverCount:2 
[2023.10.03-20.53.14:771][  0]LogD3D11RHI:     Adapter Name: NVIDIA GeForce GT 1030
[2023.10.03-20.53.14:771][  0]LogD3D11RHI:   Driver Version: 536.23 (internal:31.0.15.3623, unified:536.23)
[2023.10.03-20.53.14:771][  0]LogD3D11RHI:      Driver Date: 6-8-2023
[2023.10.03-20.53.14:771][  0]LogRHI: Texture pool is 1386 MB (70% of 1981 MB)
[2023.10.03-20.53.14:771][  0]LogD3D11RHI: Creating D3DDevice using adapter:
[2023.10.03-20.53.14:771][  0]LogD3D11RHI:     Description : NVIDIA GeForce GT 1030
[2023.10.03-20.53.14:771][  0]LogD3D11RHI:     VendorId    : 10de
[2023.10.03-20.53.14:771][  0]LogD3D11RHI:     DeviceId    : 1d01
[2023.10.03-20.53.14:771][  0]LogD3D11RHI:     SubSysId    : 121e10de
[2023.10.03-20.53.14:771][  0]LogD3D11RHI:     Revision    : 00a1
[2023.10.03-20.53.14:771][  0]LogD3D11RHI:     DedicatedVideoMemory : 2077286400 bytes
[2023.10.03-20.53.14:771][  0]LogD3D11RHI:     DedicatedSystemMemory : 0 bytes
[2023.10.03-20.53.14:771][  0]LogD3D11RHI:     SharedSystemMemory : 8506503168 bytes
[2023.10.03-20.53.14:771][  0]LogD3D11RHI:     AdapterLuid : 0 411256
[2023.10.03-20.53.14:904][  0]LogD3D11RHI: RHI has support for 64 bit atomics
[2023.10.03-20.53.14:904][  0]LogD3D11RHI: Async texture creation enabled
[2023.10.03-20.53.14:904][  0]LogD3D11RHI: Array index from any shader is supported
[2023.10.03-20.53.14:930][  0]LogD3D11RHI: GPU Timing Frequency: 1000.000000 (Debug: 2 1)
[2023.10.03-20.53.14:992][  0]LogRHI: GeForceNow SDK initialized: 1
[2023.10.03-20.53.15:432][  0]LogTargetPlatformManager: Display: Loaded TargetPlatform 'WindowsNoEditor'
[2023.10.03-20.53.15:439][  0]LogTargetPlatformManager: Display: Loaded TargetPlatform 'Windows'
[2023.10.03-20.53.15:445][  0]LogTargetPlatformManager: Display: Loaded TargetPlatform 'WindowsClient'
[2023.10.03-20.53.15:452][  0]LogTargetPlatformManager: Display: Loaded TargetPlatform 'WindowsServer'
[2023.10.03-20.53.15:452][  0]LogTargetPlatformManager: Display: Building Assets For Windows
[2023.10.03-20.53.15:463][  0]LogAudioDebug: Display: Lib vorbis DLL was dynamically loaded.
[2023.10.03-20.53.15:523][  0]LogTextureFormatOodle: Display: Oodle Texture 2.9.0 init RDO Off
[2023.10.03-20.53.15:570][  0]LogRendererCore: Ray tracing is disabled. Reason: r.RayTracing=0.
[2023.10.03-20.53.15:570][  0]LogShaderCompilers: Guid format shader working directory is -31 characters bigger than the processId version (../../../../../Users/foxib/Documents/Unreal Projects/LastEnd_Project/LastEnd/Intermediate/Shaders/WorkingDirectory/11080/).
[2023.10.03-20.53.15:571][  0]LogShaderCompilers: Cleaned the shader compiler working directory 'C:/Users/foxib/AppData/Local/Temp/UnrealShaderWorkingDir/2F10348A45DCB9257E527DA880C5B7F3/'.
[2023.10.03-20.53.15:571][  0]LogXGEController: Cannot use XGE Controller as Incredibuild is not installed on this machine.
[2023.10.03-20.53.15:571][  0]LogShaderCompilers: Cannot use XGE Shader Compiler as Incredibuild is not installed on this machine.
[2023.10.03-20.53.15:571][  0]LogShaderCompilers: Display: Using Local Shader Compiler.
[2023.10.03-20.53.16:710][  0]LogDerivedDataCache: Display: Max Cache Size: 512 MB
[2023.10.03-20.53.16:796][  0]LogDerivedDataCache: Loaded boot cache 0.09s 78MB C:/Users/foxib/AppData/Local/UnrealEngine/4.27/DerivedDataCache/Boot.ddc.
[2023.10.03-20.53.16:797][  0]LogDerivedDataCache: Display: Loaded Boot cache: C:/Users/foxib/AppData/Local/UnrealEngine/4.27/DerivedDataCache/Boot.ddc
[2023.10.03-20.53.16:797][  0]LogDerivedDataCache: FDerivedDataBackendGraph:  Pak pak cache file ../../../../../Users/foxib/Documents/Unreal Projects/LastEnd_Project/LastEnd/DerivedDataCache/DDC.ddp not found, will not use a pak cache.
[2023.10.03-20.53.16:797][  0]LogDerivedDataCache: Unable to find inner node Pak for hierarchical cache Hierarchy.
[2023.10.03-20.53.16:797][  0]LogDerivedDataCache: FDerivedDataBackendGraph:  CompressedPak pak cache file ../../../../../Users/foxib/Documents/Unreal Projects/LastEnd_Project/LastEnd/DerivedDataCache/Compressed.ddp not found, will not use a pak cache.
[2023.10.03-20.53.16:797][  0]LogDerivedDataCache: Unable to find inner node CompressedPak for hierarchical cache Hierarchy.
[2023.10.03-20.53.16:820][  0]LogDerivedDataCache: Display: Pak cache opened for reading ../../../Engine/DerivedDataCache/Compressed.ddp.
[2023.10.03-20.53.16:820][  0]LogDerivedDataCache: FDerivedDataBackendGraph:  EnterprisePak pak cache file ../../../Enterprise/DerivedDataCache/Compressed.ddp not found, will not use a pak cache.
[2023.10.03-20.53.16:820][  0]LogDerivedDataCache: Unable to find inner node EnterprisePak for hierarchical cache Hierarchy.
[2023.10.03-20.53.16:834][  0]LogDerivedDataCache: Speed tests for C:/Users/foxib/AppData/Local/UnrealEngine/Common/DerivedDataCache took 0.01 seconds
[2023.10.03-20.53.16:834][  0]LogDerivedDataCache: Display: Performance to C:/Users/foxib/AppData/Local/UnrealEngine/Common/DerivedDataCache: Latency=0.11ms. RandomReadSpeed=503.08MBs, RandomWriteSpeed=90.87MBs. Assigned SpeedClass 'Local'
[2023.10.03-20.53.16:834][  0]LogDerivedDataCache: Using Local data cache path C:/Users/foxib/AppData/Local/UnrealEngine/Common/DerivedDataCache: Writable
[2023.10.03-20.53.16:834][  0]LogDerivedDataCache: Shared data cache path not found in *engine.ini, will not use an Shared cache.
[2023.10.03-20.53.16:835][  0]LogDerivedDataCache: Unable to find inner node Shared for hierarchical cache Hierarchy.
[2023.10.03-20.53.16:887][  0]LogSlate: Using FreeType 2.10.0
[2023.10.03-20.53.16:888][  0]LogSlate: SlateFontServices - WITH_FREETYPE: 1, WITH_HARFBUZZ: 1
[2023.10.03-20.53.17:007][  0]LogInit: Using OS detected language (pt-BR).
[2023.10.03-20.53.17:007][  0]LogInit: Using OS detected locale (pt-BR).
[2023.10.03-20.53.17:007][  0]LogTextLocalizationManager: No localization for 'pt-BR' exists, so 'en' will be used for the language.
[2023.10.03-20.53.17:007][  0]LogTextLocalizationManager: No localization for 'pt-BR' exists, so 'en' will be used for the locale.
[2023.10.03-20.53.17:007][  0]LogSlate: FontCache flush requested. Reason: Culture for localization was changed
[2023.10.03-20.53.17:007][  0]LogSlate: FontCache flush requested. Reason: Culture for localization was changed
[2023.10.03-20.53.17:011][  0]LogAssetRegistry: FAssetRegistry took 0.0026 seconds to start up
[2023.10.03-20.53.17:245][  0]LogTextLocalizationManager: Compacting localization data took   0.01ms
[2023.10.03-20.53.17:245][  0]LogPackageLocalizationCache: Processed 27 localized package path(s) for 1 prioritized culture(s) in 0.002820 seconds
[2023.10.03-20.53.17:352][  0]LogInit: Selected Device Profile: [Windows]
[2023.10.03-20.53.17:352][  0]LogInit: Active device profile: [0000025F8E38AB00][0000025FF8E18D00 49] Windows
[2023.10.03-20.53.17:352][  0]LogInit: Profiles: [0000025F8E38AB00][0000025FF8E18D00 49] Windows, [0000025F8E335700][0000025FF8E20E80 49] WindowsNoEditor, [0000025F8E389700][0000025FF8E25000 49] WindowsServer, [0000025F8E336400][0000025FF8E29180 49] WindowsClient, [0000025F8E38A300][0000025FF8E2D300 49] IOS, [0000025F8E335500][0000025FF8E31480 49] iPadAir, [0000025F8E389600][0000025FF8E1D5C0 49] iPadAir2, [0000025F8E2DF400][0000025FF8E39800 49] IPadPro, [0000025F8E2DF500][0000025FF8E35840 49] iPadAir3, [0000025F8E38B100][0000025FF8E419C0 49] iPadAir4, [0000025F8E2DDC00][0000025FF8E45B40 49] iPadMini2, [0000025F8E38A700][0000025F84B9A140 49] iPadMini3, [0000025F8E2DFB00][0000025F84B9E2C0 49] iPadMini4, [0000025F8E388900][0000025F84BA2440 49] iPadMini5, [0000025F8E332D00][0000025F84BAA700 49] iPhone6, [0000025F8E332E00][0000025F84BA6740 49] iPodTouch6, [0000025F8E2DCC00][0000025F84BB2A00 49] iPhone7, [0000025F8E2DCB00][0000025F84BAEA40 49] iPodTouch7, [0000025F8E331B00][0000025F84BB6BC0 49] iPhone5S, [0000025F8E2DE600][0000025F84BBAD40 49] iPhone6Plus, [0000025F8E330900][0000025F84BBEEC0 49] iPhone6S, [0000025F8E2DCA00][0000025F84BC3040 49] iPhone6SPlus, [0000025F8E331500][0000025F84BC71C0 49] iPhone7Plus, [0000025F8E2DF900][0000025F84BCB340 49] iPhoneSE, [0000025F8E331D00][0000025F84BCF4C0 49] iPhone8, [0000025F8E2DF600][0000025F8A03F640 49] iPhone8Plus, [0000025F8E330200][0000025FF8E3D780 49] iPhoneX, [0000025F8E2DEC00][0000025F8A0438C0 49] iPhoneXS, [0000025F8E333100][0000025F8A047A00 49] iPhoneXSMax, [0000025F8E2DDF00][0000025F8A04BB40 49] iPhoneXR, [0000025F8E332100][0000025F8A052140 49] iPhone11, [0000025F8E2DE700][0000025F8A0562C0 49] iPhone11Pro, [0000025F8E331300][0000025F8A05A440 49] iPhone11ProMax, [0000025F8E2DE200][0000025F8A05E5C0 49] iPhoneSE2, [0000025F8E332B00][0000025F8A062740 49] iPhone12Mini, [0000025F8E2DCF00][0000025F8A0668C0 49] iPhone12, [0000025F8E330A00][0000025F8A06AA40 49] iPhone12Pro, [0000025F8E2DFC00][0000025F8A06EBC0 49] iPhone12ProMax, [0000025F8E333D00][0000025F8A072D40 49] iPadPro105, [0000025F8E2DD900][0000025F8A076EC0 49] iPadPro129, [0000025F8E331700][0000025F8A07B040 49] iPadPro97, [0000025F8E2DDE00][0000025F84E831C0 49] iPadPro2_129, [0000025F8E333700][0000025F84E87340 49] iPad5, [0000025F8E2DDD00][0000025F84E8B4C0 49] iPad6, [0000025F8E331600][0000025F84E8F640 49] iPad7, [0000025F8E2DC400][0000025F84E937C0 49] iPad8, [0000025F8E332A00][0000025F8A04F900 49] iPadPro11, [0000025F8E2DEB00][0000025F84E97A40 49] iPadPro2_11, [0000025F8E331200][0000025F84E9BB80 49] iPadPro3_129, [0000025F8E3BC900][0000025F84E9E140 49] iPadPro4_129, [0000025F8E337700][0000025F84EA62C0 49] AppleTV, [0000025F8E3BD300][0000025F84EAA440 49] AppleTV4K, [0000025F8E335A00][0000025F84EAE5C0 49] TVOS, [0000025F8E3BCC00][0000025F84EB2740 49] Mac, [0000025F8E335200][0000025F84EB68C0 49] MacClient, [0000025F8E3BD000][0000025F84EBAA40 49] MacNoEditor, [0000025F8E334500][0000025F84EBEBC0 49] MacServer, [0000025F8E3BD200][0000025F84EC2D40 49] Linux, [0000025F8E336100][0000025F84EC6EC0 49] LinuxAArch64, [0000025F8E3BC300][0000025F84ECB040 49] LinuxNoEditor, [0000025F8E335B00][0000025F863E91C0 49] LinuxAArch64NoEditor, [0000025F8E3BD500][0000025F863ED340 49] LinuxClient, [0000025F8E334700][0000025F863F14C0 49] LinuxAArch64Client, [0000025F8E3BCB00][0000025F863F5640 49] LinuxServer, [0000025F8E335100][0000025F863F97C0 49] LinuxAArch64Server, [0000025F8E333300][0000025F863FD940 49] Android, [0000025F8E2DC500][0000025F86401AC0 49] Android_Low, [0000025F8E330500][0000025F84EA3C00 49] Android_Mid, [0000025F8E2DE000][0000025F864041C0 49] Android_High, [0000025F8E332600][0000025F86408300 49] Android_Default, [0000025F8E2DD300][0000025F86410480 49] Android_Adreno4xx, [0000025F8E330600][0000025F86414600 49] Android_Adreno5xx_Low, [0000025F8E2DD400][0000025F86418780 49] Android_Adreno5xx, [0000025F8E331E00][0000025F8641C900 49] Android_Adreno6xx, [0000025F8E2DF100][0000025F86420A80 49] Android_Adreno6xx_Vulkan, [0000025F8E332C00][0000025F86424C00 49] Android_Mali_T6xx, [0000025F8E2DFF00][0000025F86428D80 49] Android_Mali_T7xx, [0000025F8E331100][0000025F8642CF00 49] Android_Mali_T8xx, [0000025F8E2DD200][0000025F86431080 49] Android_Mali_G71, [0000025F8E330D00][0000025F86435200 49] Android_Mali_G72, [0000025F8E2DDA00][0000025F86439380 49] Android_Mali_G72_Vulkan, [0000025F8E330700][0000025F8643D500 49] Android_Mali_G76, [0000025F8E2DDB00][0000025F86441680 49] Android_Mali_G76_Vulkan, [0000025F8E331900][0000025F86445800 49] Android_Mali_G77, [0000025F8E2DEF00][0000025F86449980 49] Android_Mali_G77_Vulkan, [0000025F8E333800][0000025F8644DB00 49] Android_Mali_G78, [0000025F8E2DD700][0000025FF8F82100 49] Android_Mali_G78_Vulkan, [0000025F8E331800][0000025F8640C240 49] Android_Mali_G710, [0000025F8E2DC600][0000025FF8F86380 49] Android_Mali_G710_Vulkan, [0000025F8E332300][0000025FF8F8A4C0 49] Android_Vulkan_SM5, [0000025F8E2DCD00][0000025FF8F92640 49] Android_PowerVR_G6xxx, [0000025F8E3BCF00][0000025FF8F967C0 49] Android_PowerVR_GT7xxx, [0000025F8E2DD500][0000025FF8F9A940 49] Android_PowerVR_GE8xxx, [0000025F8E3BC100][0000025FF8F9EAC0 49] Android_PowerVR_GM9xxx, [0000025F8E2DFD00][0000025FF8FA2C40 49] Android_PowerVR_GM9xxx_Vulkan, [0000025F8E3BD400][0000025FF8FA6DC0 49] Android_TegraK1, [0000025F8E2DD600][0000025FF8FAAF40 49] Android_Unknown_Vulkan, [0000025F8E38A900][0000025FF8FAF0C0 49] Lumin, [0000025F8E336A00][0000025FF8FB3240 49] Lumin_Desktop, [0000025F8E38A800][0000025FF8FB73C0 49] HoloLens, 
[2023.10.03-20.53.17:415][  0]LogMeshReduction: Using QuadricMeshReduction for automatic static mesh reduction
[2023.10.03-20.53.17:415][  0]LogMeshReduction: Using SimplygonMeshReduction for automatic skeletal mesh reduction
[2023.10.03-20.53.17:415][  0]LogMeshReduction: Using ProxyLODMeshReduction for automatic mesh merging
[2023.10.03-20.53.17:415][  0]LogMeshReduction: No distributed automatic mesh merging module available
[2023.10.03-20.53.17:415][  0]LogMeshMerging: No distributed automatic mesh merging module available
[2023.10.03-20.53.17:564][  0]LogNetVersion: LastEnd 1.0.0, NetCL: 17155196, EngineNetVer: 17, GameNetVer: 0 (Checksum: 213799905)
[2023.10.03-20.53.17:918][  0]LogTexture: Default maximum texture size for cubemaps generated from long-lat sources has been changed from 512 to unlimited. In order to preserve old behaiour for '/Engine/MapTemplates/Sky/DaylightAmbientCubemap.DaylightAmbientCubemap', its maximum texture size has been explicitly set to 512.
[2023.10.03-20.53.17:997][  0]LogHMD: PokeAHoleMaterial loaded successfully
[2023.10.03-20.53.18:169][  0]LogMoviePlayer: Initializing movie player
[2023.10.03-20.53.18:329][  0]LogNiagaraDebuggerClient: Niagara Debugger Client Initialized | Session: EC7857FC44EEEF8A35C6C4BB712FDF7C | Instance: 0D014CF84EBED416F9CB0680E6252D61 (DESKTOP-H7RNU1V-11080).
[2023.10.03-20.53.18:358][  0]LogCollectionManager: Loaded 0 collections in 0.002616 seconds
[2023.10.03-20.53.18:362][  0]LogFileCache: Scanning file cache for directory 'C:/Users/foxib/Documents/Unreal Projects/LastEnd_Project/LastEnd/Saved/Collections/' took 0.00s
[2023.10.03-20.53.18:362][  0]LogFileCache: Scanning file cache for directory 'C:/Users/foxib/Documents/Unreal Projects/LastEnd_Project/LastEnd/Content/Developers/foxib/Collections/' took 0.00s
[2023.10.03-20.53.18:362][  0]LogCollectionManager: Fixed up redirectors for 0 collections in 0.000003 seconds (updated 0 objects)
[2023.10.03-20.53.18:396][  0]LogFileCache: Scanning file cache for directory 'C:/Users/foxib/Documents/Unreal Projects/LastEnd_Project/LastEnd/Content/Collections/' took 0.00s
[2023.10.03-20.53.18:396][  0]LogPython: Using Python 3.7.7
[2023.10.03-20.53.19:167][  0]LogTcpMessaging: Initializing TcpMessaging bridge
[2023.10.03-20.53.19:174][  0]LogUdpMessaging: Initializing bridge on interface 0.0.0.0:0 to multicast group 230.0.0.1:6666.
[2023.10.03-20.53.19:598][  0]SourceControl: Source control is disabled
[2023.10.03-20.53.19:598][  0]SourceControl: Source control is disabled
[2023.10.03-20.53.19:604][  0]SourceControl: Source control is disabled
[2023.10.03-20.53.19:608][  0]LogUProjectInfo: Found projects:
[2023.10.03-20.53.19:757][  0]LogOpenImageDenoise: OIDN starting up
[2023.10.03-20.53.19:873][  0]LogAudioCaptureCore: Display: No Audio Capture implementations found. Audio input will be silent.
[2023.10.03-20.53.19:874][  0]LogAudioCaptureCore: Display: No Audio Capture implementations found. Audio input will be silent.
[2023.10.03-20.53.19:886][  0]LogAndroidPermission: UAndroidPermissionCallbackProxy::GetInstance
[2023.10.03-20.53.20:006][  0]LogOcInput: OculusInput pre-init called
[2023.10.03-20.53.20:021][  0]LogUObjectArray: 22122 objects as part of root set at end of initial load.
[2023.10.03-20.53.20:021][  0]LogUObjectAllocator: 5975840 out of 0 bytes used by permanent object pool.
[2023.10.03-20.53.20:022][  0]LogUObjectArray: CloseDisregardForGC: 0/0 objects in disregard for GC pool
[2023.10.03-20.53.20:108][  0]LogEngine: Initializing Engine...
[2023.10.03-20.53.20:112][  0]LogHMD: Failed to enumerate extensions. Please check that you have a valid OpenXR runtime installed.
[2023.10.03-20.53.20:113][  0]LogHMD: Failed to initialize OpenVR with code 110
[2023.10.03-20.53.20:113][  0]LogMagicLeap: Warning: VR disabled because ZI is not enabled.  To enable, in the editor, Edit -> Project Settings -> Plugins -> Magic Leap Plugin -> Enable Zero Iteration
[2023.10.03-20.53.20:115][  0]LogStats: UGameplayTagsManager::InitializeManager -  0.000 s
[2023.10.03-20.53.20:294][  0]LogInit: Initializing FReadOnlyCVARCache
[2023.10.03-20.53.20:294][  0]LogAudio: Display: Initializing Audio Device Manager...
[2023.10.03-20.53.20:301][  0]LogAudio: Display: Loading Default Audio Settings Objects...
[2023.10.03-20.53.20:301][  0]LogAudio: Display: No default SoundConcurrencyObject specified (or failed to load).
[2023.10.03-20.53.20:302][  0]LogAudio: Display: Audio Device Manager Initialized
[2023.10.03-20.53.20:303][  0]LogAudio: Display: Creating Audio Device:                 Id: 1, Scope: Shared, Realtime: True
[2023.10.03-20.53.20:303][  0]LogAudioMixer: Display: Audio Mixer Platform Settings:
[2023.10.03-20.53.20:303][  0]LogAudioMixer: Display: 	Sample Rate:						  48000
[2023.10.03-20.53.20:303][  0]LogAudioMixer: Display: 	Callback Buffer Frame Size Requested: 1024
[2023.10.03-20.53.20:303][  0]LogAudioMixer: Display: 	Callback Buffer Frame Size To Use:	  1024
[2023.10.03-20.53.20:303][  0]LogAudioMixer: Display: 	Number of buffers to queue:			  2
[2023.10.03-20.53.20:303][  0]LogAudioMixer: Display: 	Max Channels (voices):				  32
[2023.10.03-20.53.20:303][  0]LogAudioMixer: Display: 	Number of Async Source Workers:		  0
[2023.10.03-20.53.20:303][  0]LogAudio: Display: AudioDevice MaxSources: 32
[2023.10.03-20.53.20:303][  0]LogAudio: Display: Audio Spatialization Plugin: None (built-in).
[2023.10.03-20.53.20:303][  0]LogAudio: Display: Audio Reverb Plugin: None (built-in).
[2023.10.03-20.53.20:303][  0]LogAudio: Display: Audio Occlusion Plugin: None (built-in).
[2023.10.03-20.53.20:303][  0]LogAudioMixer: Display: Initializing audio mixer.
[2023.10.03-20.53.20:316][  0]LogAudioMixer: Display: 0: FrontLeft
[2023.10.03-20.53.20:316][  0]LogAudioMixer: Display: 1: FrontRight
[2023.10.03-20.53.20:331][  0]LogAudioMixer: Display: Using Audio Device VoiceMeeter Input (VB-Audio VoiceMeeter VAIO)
[2023.10.03-20.53.20:337][  0]LogAudioMixer: Display: Initializing Sound Submixes...
[2023.10.03-20.53.20:341][  0]LogAudioMixer: Display: Creating Master Submix 'MasterSubmixDefault'
[2023.10.03-20.53.20:341][  0]LogAudioMixer: Display: Creating Master Submix 'MasterReverbSubmixDefault'
[2023.10.03-20.53.20:344][  0]LogAudioMixer: Display: Creating Master Submix 'MasterEQSubmixDefault'
[2023.10.03-20.53.20:344][  0]LogAudioMixer: FMixerPlatformXAudio2::StartAudioStream() called
[2023.10.03-20.53.20:344][  0]LogAudioMixer: Display: Output buffers initialized: Frames=1024, Channels=2, Samples=2048
[2023.10.03-20.53.20:346][  0]LogAudioMixer: Display: Starting AudioMixerPlatformInterface::RunInternal()
[2023.10.03-20.53.20:346][  0]LogAudioMixer: Display: FMixerPlatformXAudio2::SubmitBuffer() called for the first time
[2023.10.03-20.53.20:346][  0]LogInit: FAudioDevice initialized.
[2023.10.03-20.53.20:349][  0]LogNetVersion: Set ProjectVersion to 1.0.0.0. Version Checksum will be recalculated on next use.
[2023.10.03-20.53.20:361][  0]LogInit: Texture streaming: Enabled
[2023.10.03-20.53.20:480][  0]LogAudio: Display: Audio Device (ID: 1) registered with world 'Untitled'.
[2023.10.03-20.53.20:480][  0]LogSlate: Updating window title bar state: overlay mode, drag disabled, window buttons hidden, title bar hidden
[2023.10.03-20.53.20:482][  0]LogInit: Display: Game Engine Initialized.
[2023.10.03-20.53.20:482][  0]LogNiagaraEditor: GEditor isn't valid! Particle reset commands will not work for Niagara components!
[2023.10.03-20.53.20:673][  0]LogInit: Display: Starting Game.
[2023.10.03-20.53.20:673][  0]LogNet: Browse: /Game/Maps/CharacterSelection?Name=Player
[2023.10.03-20.53.20:673][  0]LogLoad: LoadMap: /Game/Maps/CharacterSelection?Name=Player
[2023.10.03-20.53.20:673][  0]LogWorld: BeginTearingDown for /Temp/Untitled_0
[2023.10.03-20.53.20:676][  0]LogWorld: UWorld::CleanupWorld for Untitled, bSessionEnded=true, bCleanupResources=true
[2023.10.03-20.53.20:699][  0]LogAudio: Display: Audio Device unregistered from world 'None'.
[2023.10.03-20.53.20:702][  0]LogUObjectHash: Compacting FUObjectHashTables data took   1.21ms
[2023.10.03-20.53.21:445][  0]LogAudio: Display: Audio Device (ID: 1) registered with world 'CharacterSelection'.
[2023.10.03-20.53.21:462][  0]LogAIModule: Creating AISystem for world CharacterSelection
[2023.10.03-20.53.21:462][  0]LogLoad: Game class is 'GM_MenuController_C'
[2023.10.03-20.53.21:466][  0]LogWorld: Bringing World /Game/Maps/CharacterSelection.CharacterSelection up for play (max tick rate 0) at 2023.10.03-17.53.21
[2023.10.03-20.53.21:466][  0]LogWorld: Bringing up level for play took: 0.003053
[2023.10.03-20.53.21:471][  0]LogViewport: Display: Viewport MouseLockMode Changed, LockOnCapture -> DoNotLock
[2023.10.03-20.53.21:471][  0]LogViewport: Display: Viewport MouseCaptureMode Changed, CapturePermanently_IncludingInitialMouseDown -> NoCapture
[2023.10.03-20.53.21:471][  0]LogViewport: Display: Viewport HideCursorDuringCapture Changed, False -> True
[2023.10.03-20.53.21:471][  0]LogViewport: Display: Viewport MouseCaptureMode Changed, NoCapture -> CaptureDuringMouseDown
[2023.10.03-20.53.21:471][  0]LogLoad: Took 0.797740 seconds to LoadMap(/Game/Maps/CharacterSelection)
[2023.10.03-20.53.23:835][  0]LogThreadingWindows: Error: Runnable thread SlateLoadingThread1 crashed.
[2023.10.03-20.53.23:835][  0]LogWindows: Error: === Critical error: ===
[2023.10.03-20.53.23:835][  0]LogWindows: Error: 
[2023.10.03-20.53.23:835][  0]LogWindows: Error: Fatal error!
[2023.10.03-20.53.23:835][  0]LogWindows: Error: 
[2023.10.03-20.53.23:835][  0]LogWindows: Error: Unhandled Exception: EXCEPTION_ACCESS_VIOLATION reading address 0xffffffffffffffff
[2023.10.03-20.53.23:835][  0]LogWindows: Error: 
[2023.10.03-20.53.23:835][  0]LogWindows: Error: [Callstack] 0x00007ffca175b1a2 UE4Editor-SlateCore.dll!UnknownFunction []
[2023.10.03-20.53.23:835][  0]LogWindows: Error: [Callstack] 0x00007ffc702ed870 UE4Editor-SlateRHIRenderer.dll!UnknownFunction []
[2023.10.03-20.53.23:835][  0]LogWindows: Error: [Callstack] 0x00007ffc70304094 UE4Editor-SlateRHIRenderer.dll!UnknownFunction []
[2023.10.03-20.53.23:835][  0]LogWindows: Error: [Callstack] 0x00007ffce7bdeb89 UE4Editor-MoviePlayer.dll!UnknownFunction []
[2023.10.03-20.53.23:835][  0]LogWindows: Error: [Callstack] 0x00007ffce7be74e4 UE4Editor-MoviePlayer.dll!UnknownFunction []
[2023.10.03-20.53.23:835][  0]LogWindows: Error: [Callstack] 0x00007ffce7be61ea UE4Editor-MoviePlayer.dll!UnknownFunction []
[2023.10.03-20.53.23:835][  0]LogWindows: Error: [Callstack] 0x00007ffca45eff0b UE4Editor-Core.dll!UnknownFunction []
[2023.10.03-20.53.23:835][  0]LogWindows: Error: [Callstack] 0x00007ffca45e7050 UE4Editor-Core.dll!UnknownFunction []
[2023.10.03-20.53.23:835][  0]LogWindows: Error: [Callstack] 0x00007ffcf2597344 KERNEL32.DLL!UnknownFunction []
[2023.10.03-20.53.23:835][  0]LogWindows: Error: [Callstack] 0x00007ffcf2fc26b1 ntdll.dll!UnknownFunction []
[2023.10.03-20.53.23:835][  0]LogWindows: Error: 
[2023.10.03-20.53.23:835][  0]LogWindows: Error: Crash in runnable thread SlateLoadingThread1
[2023.10.03-20.53.23:849][  0]LogExit: Executing StaticShutdownAfterError
[2023.10.03-20.53.23:849][  0]LogWindows: FPlatformMisc::RequestExit(1)
[2023.10.03-20.53.23:849][  0]LogWindows: FPlatformMisc::RequestExitWithStatus(1, 3)
[2023.10.03-20.53.23:849][  0]LogCore: Engine exit requested (reason: Win RequestExit)
[2023.10.03-20.53.23:863][  0]Log file closed, 10/03/23 17:53:23
